****************************************************************************
***                            Sentaurus Mesh                            ***
***                          Version I-2013.12                           ***
***                            (1.9, RHEL64)                             ***
***                                                                      ***
***                       Copyright (C) 2005-2014                        ***
***                            Synopsys, Inc.                          ***
***                                                                      ***
***  This software and the associated documentation are confidential     ***
***  and proprietary to Synopsys, Inc.  Your use or disclosure of this   ***
***  software is subject to the terms and conditions of a written        ***
***  license agreement between you, or your company, and Synopsys, Inc.  ***
****************************************************************************

Compiled Wed Jan 15 15:50:04 PST 2014 on: tcadprod8
Running on: grendel25.ece.ncsu.edu
Process ID: 1835

Flags used:

** Generating 2d grid **

Creating binary tree...done.
Imprinting binary tree on the boundary...done.
Optimizing boundary nodes...done.

Number of vertices after binary tree generation : 
  125 (tree) + 98 (boundary)


=================================  brep2d quality  =====================================
minAngle: 90  [near (0.024 -0)] at region=Source
nVerts = 98  nTris = 104  nRegs = 11
bmin: -0 -0.03
bmax: 0.124 0.0141
min area: 0.001375  max area: 0.0155  total area  : 0.5262 interface area: 0.19
total volume: 0.0050666
Conformal? true
Are all boundaries on bbox? false
==================================================================================
** Delaunizing the mesh **

Creating delaunizer input...done.
Solving edges...done 
Optimizing elements...done. (189 vertices)
Fixing diagonals...done.

The final mesh has: 
     167 points.
     270 elements.
      11 regions.
Max. connectivity = 7 located at (0.027125;-0.00795)


==============================  tri-grid quality  ================================
    0  10  20  30  40  50  60  70  80  90 100 110 120 130 140 150 160 170 180
 %        2  13   9   9  10   8  14   3  32                                
---------------------------------------------------------------------------------
minAngle: 6.18123  maxAngle: 90
nVerts = 167  nTris = 270  nMats = 7
max connectivity (tris per node): 7
bmin: -0 -0.03
bmax: 0.124 0.0141
min edgeLength: 0.00075  [near (0.100375 0.003075)]
min volume: 1.15313e-06  max volume: 8.54437e-05  Total volume: 0.0050666
bbox  volume: 0.0054684
Are all boundaries on bbox? false
=================================================================================
Interpolating data...done.
done.
Saving file n1990_msh.tdr...done.
