****************************************************************************
***                      Sentaurus Structure Editor                      ***
***                          Version I-2013.12                           ***
***                            (1.2, RHEL64)                             ***
***                                                                      ***
***               Copyright (C) 1994-2013 Synopsys, Inc.                 ***
***        Portions of this software are owned by Spatial Corp.          ***
***            Copyright (C) 1986-2013. All Rights Reserved.             ***
***                                                                      ***
***  This software and the associated documentation are confidential     ***
***  and proprietary to Synopsys, Inc.  Your use or disclosure of this   ***
***  software is subject to the terms and conditions of a written        ***
***  license agreement between you, or your company, and Synopsys, Inc.  ***
****************************************************************************

Compiled Mon Sep 30 03:54:01 PDT 2013 on tcadprod8

Machine type information not available.

HOOPS Error -- There was an unexpected Hoops internal error -
HOOPS Error -- glXMakeCurrent failed for get_physical_info test window.
HOOPS STACK -- Show_Device_Info_By_Key
HOOPS Error -- There was an unexpected Hoops internal error -
HOOPS Error -- Driver specified hardware gouraud/phong lighting, but no lights!
HOOPS STACK -- Show_Device_Info_By_Key




























































