****************************************************************************
***                            Sentaurus Mesh                            ***
***                          Version I-2013.12                           ***
***                            (1.9, RHEL64)                             ***
***                                                                      ***
***                       Copyright (C) 2005-2014                        ***
***                            Synopsys, Inc.                          ***
***                                                                      ***
***  This software and the associated documentation are confidential     ***
***  and proprietary to Synopsys, Inc.  Your use or disclosure of this   ***
***  software is subject to the terms and conditions of a written        ***
***  license agreement between you, or your company, and Synopsys, Inc.  ***
****************************************************************************

Compiled Wed Jan 15 15:50:04 PST 2014 on: tcadprod8
Running on: grendel26.ece.ncsu.edu
Process ID: 13783

Flags used:

** Generating 2d grid **

Creating binary tree...done.
Imprinting binary tree on the boundary...done.
Optimizing boundary nodes...done.

Number of vertices after binary tree generation : 
  319 (tree) + 122 (boundary)


=================================  brep2d quality  =====================================
minAngle: 90  [near (0.024 -0)] at region=Source
nVerts = 122  nTris = 128  nRegs = 11
bmin: -0 -0.2
bmax: 0.124 0.10145
min area: 0.001375  max area: 0.0188406  total area  : 1.4009 interface area: 0.55
total volume: 0.0372377
Conformal? true
Are all boundaries on bbox? false
==================================================================================
** Delaunizing the mesh **

Creating delaunizer input...done.
Solving edges...done 
Optimizing elements...done. (401 vertices)
Fixing diagonals...done.

The final mesh has: 
     379 points.
     684 elements.
      11 regions.
Max. connectivity = 7 located at (0.031;-0.105797)


==============================  tri-grid quality  ================================
    0  10  20  30  40  50  60  70  80  90 100 110 120 130 140 150 160 170 180
 %    2  17   6   2   7   6   2   6  18  34                                
---------------------------------------------------------------------------------
minAngle: 2.2796  maxAngle: 90
nVerts = 379  nTris = 684  nMats = 7
max connectivity (tris per node): 7
bmin: -0 -0.2
bmax: 0.124 0.10145
min edgeLength: 0.00075  [near (0.100375 0.0449281)]
min volume: 9.96875e-07  max volume: 0.000146015  Total volume: 0.0372377
bbox  volume: 0.0373798
Are all boundaries on bbox? false
=================================================================================
Interpolating data...done.
done.
Saving file n57_msh.tdr...done.
