###########################################
# Sentaurus Visual I-2013.12.
# Tcl log file.
#------------------------------------------
# Date: Nov 25, 2019. 00:14:45.
# Version: 22.0.13 (1.13)
# Mode: Interactive (GUI).
# Hostname: grendel26.ece.ncsu.edu.
# Machine: Linux, x86_64, amd64.
# Kernel: 3.10.0-1062.1.2.el7.x86_64.
###########################################

load_file /afs/unity.ncsu.edu/users/m/mjregan2/project/Planar2/n1_msh.grd
load_file /afs/unity.ncsu.edu/users/m/mjregan2/project/Planar2/n20_msh.grd
load_file /afs/unity.ncsu.edu/users/m/mjregan2/project/Planar2/n27_msh.grd
load_file /afs/unity.ncsu.edu/users/m/mjregan2/project/Planar2/n56_msh.grd
load_file /afs/unity.ncsu.edu/users/m/mjregan2/project/Planar2/n3_des.plt
create_plot -1d
select_plots {Plot_1}
#-> Plot_1
#-> Plot_1
#-> n3_des
load_file /afs/unity.ncsu.edu/users/m/mjregan2/project/Planar2/n26_des.plt
#-> n26_des
load_file /afs/unity.ncsu.edu/users/m/mjregan2/project/Planar2/n33_des.plt
#-> n33_des
load_file /afs/unity.ncsu.edu/users/m/mjregan2/project/Planar2/n62_des.plt
#-> n62_des
create_curve -plot Plot_1 -dataset {n3_des n26_des n33_des n62_des} -axisX {G OuterVoltage} -axisY {D TotalCurrent}
#-> Curve_1 Curve_2 Curve_3 Curve_4
probe_curve {Curve_1 Curve_2 Curve_3 Curve_4} -plot Plot_1 -valueX -0.50603
#!-> Error: Couldn't probe data from curve, Check Ranges.
probe_curve {Curve_1 Curve_2 Curve_3 Curve_4} -plot Plot_1 -valueX -0.746482
#!-> Error: Couldn't probe data from curve, Check Ranges.
probe_curve {Curve_1 Curve_2 Curve_3 Curve_4} -plot Plot_1 -valueX -0.05
#-> 0.00290116130215 0.00273424071024 0.00170581006327 0.00293079254381
exit 0
