****************************************************************************
***                            Sentaurus Mesh                            ***
***                          Version I-2013.12                           ***
***                            (1.9, RHEL64)                             ***
***                                                                      ***
***                       Copyright (C) 2005-2014                        ***
***                            Synopsys, Inc.                          ***
***                                                                      ***
***  This software and the associated documentation are confidential     ***
***  and proprietary to Synopsys, Inc.  Your use or disclosure of this   ***
***  software is subject to the terms and conditions of a written        ***
***  license agreement between you, or your company, and Synopsys, Inc.  ***
****************************************************************************

Compiled Wed Jan 15 15:50:04 PST 2014 on: tcadprod8
Running on: grendel25.ece.ncsu.edu
Process ID: 12878

Flags used:

** Generating 2d grid **

Creating binary tree...done.
Imprinting binary tree on the boundary...done.
Optimizing boundary nodes...done.

Number of vertices after binary tree generation : 
  287 (tree) + 114 (boundary)


=================================  brep2d quality  =====================================
minAngle: 90  [near (0.024 -0)] at region=Source
nVerts = 114  nTris = 120  nRegs = 11
bmin: -0 -0.2
bmax: 0.124 0.0541
min area: 0.001375  max area: 0.0158813  total area  : 1.1062 interface area: 0.35
total volume: 0.0311066
Conformal? true
Are all boundaries on bbox? false
==================================================================================
** Delaunizing the mesh **

Creating delaunizer input...done.
Solving edges...done 
Optimizing elements...done. (359 vertices)
Fixing diagonals...done.

The final mesh has: 
     337 points.
     602 elements.
      11 regions.
Max. connectivity = 7 located at (0.031;-0.0888313)


==============================  tri-grid quality  ================================
    0  10  20  30  40  50  60  70  80  90 100 110 120 130 140 150 160 170 180
 %    1  13   5   5   9   9   5   4  15  33                                
---------------------------------------------------------------------------------
minAngle: 2.70381  maxAngle: 90
nVerts = 337  nTris = 602  nMats = 7
max connectivity (tris per node): 7
bmin: -0 -0.2
bmax: 0.124 0.0541
min edgeLength: 0.00075  [near (0.100375 0.00645625)]
min volume: 2.42109e-06  max volume: 0.00012308  Total volume: 0.0311066
bbox  volume: 0.0315084
Are all boundaries on bbox? false
=================================================================================
Interpolating data...done.
done.
Saving file n764_msh.tdr...done.
