****************************************************************************
***                           Sentaurus Device                           ***
***                          Version I-2013.12                           ***
***                            (1.3, RHEL64)                             ***
***                                                                      ***
***                       Copyright (C) 1994-2013                        ***
***                            Synopsys, Inc.                            ***
***                                                                      ***
***  This software and the associated documentation are confidential     ***
***  and proprietary to Synopsys, Inc.  Your use or disclosure of this   ***
***  software is subject to the terms and conditions of a written        ***
***  license agreement between you, or your company, and Synopsys, Inc.  ***
****************************************************************************

	Running on machine with the following configuration:
	Host Name: grendel27.ece.ncsu.edu
	Operating System: Linux rel. 3.10.0-1062.1.2.el7.x86_64 ver. #1 SMP Mon Sep 16 14:19:51 EDT 2019
	Machine Type: x86_64
	Process ID: 4920
	Number of processors: 24
	Domain Name: (none)
	Date: Thu Nov 28 03:57:03 2019  (EDT)

Parsing "/afs/eos.ncsu.edu/software/synopsys2014/sentaurus/tcad/current/lib/Molefraction.txt"
Thu Nov 28 03:57:04 2019: checked out 1 Dessis license(s)
Thu Nov 28 03:57:04 2019: checked out 1 sdevice license(s)
Parsing circuit file /afs/eos.ncsu.edu/software/synopsys2014/sentaurus/tcad/current/amd64/lib/sdevice/sd_hb_pGC.ccf
Parsing circuit file /afs/eos.ncsu.edu/software/synopsys2014/sentaurus/tcad/current/amd64/lib/sdevice/sd_hb_vsource.ccf
Parsing circuit file /afs/eos.ncsu.edu/software/synopsys2014/sentaurus/tcad/current/amd64/lib/sdevice/sd_hb_vsource2.ccf
Parsing circuit file /afs/eos.ncsu.edu/software/synopsys2014/sentaurus/tcad/current/amd64/lib/sdevice/bs_psource.ccf
Parsing circuit file /afs/eos.ncsu.edu/software/synopsys2014/sentaurus/tcad/current/amd64/lib/sdevice/sd_SRL1.ccf
Parsing circuit file /afs/eos.ncsu.edu/software/synopsys2014/sentaurus/tcad/current/amd64/lib/sdevice/sd_hb_isource.ccf
Parsing circuit file /afs/eos.ncsu.edu/software/synopsys2014/sentaurus/tcad/current/amd64/lib/sdevice/sd_hb_sRL.ccf
Parsing circuit file /afs/eos.ncsu.edu/software/synopsys2014/sentaurus/tcad/current/amd64/lib/sdevice/sd_hb_isource2.ccf
Parsing circuit file /afs/eos.ncsu.edu/software/synopsys2014/sentaurus/tcad/current/amd64/lib/scm/MOS_harness.ccf
Loading shared object file /afs/eos.ncsu.edu/software/synopsys2014/sentaurus/tcad/current/amd64/lib/scm/MOS_harness.so.amd64
Loading shared object file /afs/eos.ncsu.edu/software/synopsys2014/sentaurus/tcad/current/amd64/lib/sdevice/sd_hb_isource2.so.amd64
Loading shared object file /afs/eos.ncsu.edu/software/synopsys2014/sentaurus/tcad/current/amd64/lib/sdevice/sd_hb_sRL.so.amd64
Loading shared object file /afs/eos.ncsu.edu/software/synopsys2014/sentaurus/tcad/current/amd64/lib/sdevice/sd_hb_isource.so.amd64
Loading shared object file /afs/eos.ncsu.edu/software/synopsys2014/sentaurus/tcad/current/amd64/lib/sdevice/sd_SRL1.so.amd64
Loading shared object file /afs/eos.ncsu.edu/software/synopsys2014/sentaurus/tcad/current/amd64/lib/sdevice/bs_psource.so.amd64
Loading shared object file /afs/eos.ncsu.edu/software/synopsys2014/sentaurus/tcad/current/amd64/lib/sdevice/sd_hb_vsource2.so.amd64
Loading shared object file /afs/eos.ncsu.edu/software/synopsys2014/sentaurus/tcad/current/amd64/lib/sdevice/sd_hb_vsource.so.amd64
Loading shared object file /afs/eos.ncsu.edu/software/synopsys2014/sentaurus/tcad/current/amd64/lib/sdevice/sd_hb_pGC.so.amd64
Thu Nov 28 03:57:04 2019: checked out 1 Dessis-Parallel license(s)
Thu Nov 28 03:57:04 2019: checked out 1 sdevice-parallel license(s)
Thu Nov 28 03:57:04 2019: checked out 1 sparallel license(s)

Input source: pp3_des.cmd

===============================

Output file: n3_des.log


GlobalParameter {
}
no ACExtract file

PMIPath file: /afs/eos.ncsu.edu/software/synopsys2014/sentaurus/tcad/current/amd64/lib/sdevice-22.0.3 /afs/eos.ncsu.edu/software/synopsys2014/sentaurus/tcad/current/amd64/lib/sdevice

CMIPath file: /afs/eos.ncsu.edu/software/synopsys2014/sentaurus/tcad/current/amd64/lib/sdevice /afs/eos.ncsu.edu/software/synopsys2014/sentaurus/tcad/current/amd64/lib/scm

SPICEPath file: /afs/eos.ncsu.edu/software/synopsys2014/sentaurus/tcad/current/lib/sdevice-22.0.3/spice

no DevicePath file

no CIRCUITSAVENAME file

no CIRCUITLOADNAME file

Numerical parameters:
  Absolute error : 
    Poisson : 1.0000e-03
    Electron : 1.0000e-05
    Hole : 1.0000e-05
    Photon-Rate-Equation : 1.0000e-07
    Photon-Phase-Equation : 1.0000e-05
    Rate-Stabilize-Equation : 1.0000e-07
    QW-Scattering-Equations : 1.0000e-05
    QW-eScattering-Equation : 1.0000e-05
    QW-hScattering-Equation : 1.0000e-05
    Optical Problem : 1.0000e-03
    Wavelength : 1.0000e-03
    Bandstructure : 1.0000e-03
    EmissionTable : 1.0000e-03
    DephasingRates : 1.0000e-03
    Photon Recycling : 1.0000e-03
    Electron-Temperature : 1.0000e-04
    Hole-Temperature : 1.0000e-04
    Lattice-Hole-Electron-Temperature : 1.0000e-03
    Circuit : 1.0000e-03
    TCircuit : 1.0000e-03
    Contact : 1.0000e-03
    TContact : 1.0000e-03
    Continuation : 1.0000e-03
    eLaplace : 1.0000e-03
    hLaplace : 1.0000e-03
    tLaplace : 1.0000e-03
    MonteCarlo : 1.0000e-03
    MCPoissonPDE : 1.0000e-03
    eQuantumPotential : 1.0000e-03
    hQuantumPotential : 1.0000e-03
    quasi-fermi-potential : 1.0000e-03
    ConductiveInsulator : 1.0000e-03
    ContactAndConductiveInsulator : 1.0000e-03
    SingletExciton : 1.0000e-05
    eHopping : 1.0000e-03
    hHopping : 1.0000e-03
    HydrogenAtom : 1.0000e-03
    HydrogenMolecule : 1.0000e-03
    HydrogenIon : 1.0000e-03
    HydrogenSiliconBondOccupation : 1.0000e-03
    TrapPDE : 1.0000e-03
    eSHEDistribution : 1.0000e-03
    hSHEDistribution : 1.0000e-03
    Landau-Lifshitz-Gilbert[theta] : 1.0000e-03
    Landau-Lifshitz-Gilbert[phi] : 1.0000e-03
    Mechanics : 1.0000e-03
  RelErrControl (Reference error): 
    Poisson : 0.025852
    Electron : 1.0000e+10
    Hole : 1.0000e+10
    Photon-Rate-Equation : 1.0000e-07
    Photon-Phase-Equation : 1
    Rate-Stabilize-Equation : 1.0000e-07
    QW-Scattering-Equations : 1.0000e+10
    QW-eScattering-Equation : 1.0000e+10
    QW-hScattering-Equation : 1.0000e+10
    Optical Problem : 1
    Wavelength : 1
    Bandstructure : 1
    EmissionTable : 1
    DephasingRates : 1
    Photon Recycling : 1
    Electron-Temperature : 3.0000e+02
    Hole-Temperature : 3.0000e+02
    Lattice-Hole-Electron-Temperature : 3.0000e+02
    Circuit : 1
    TCircuit : 1
    Contact : 0.025852
    TContact : 1
    Continuation : 1
    eLaplace : 1
    hLaplace : 1
    tLaplace : 1
    MonteCarlo : 1
    MCPoissonPDE : 1
    eQuantumPotential : 0.025852
    hQuantumPotential : 0.025852
    quasi-fermi-potential : 0.025852
    ConductiveInsulator : 1
    ContactAndConductiveInsulator : 1
    SingletExciton : 1.0000e+10
    eHopping : 0.025852
    hHopping : 0.025852
    HydrogenAtom : 1.0000e+10
    HydrogenMolecule : 1.0000e+10
    HydrogenIon : 1.0000e+10
    HydrogenSiliconBondOccupation : 1
    TrapPDE : 1.0000e-05
    eSHEDistribution : 0.025852
    hSHEDistribution : 0.025852
    Landau-Lifshitz-Gilbert[theta] : 1
    Landau-Lifshitz-Gilbert[phi] : 1
    Mechanics : 1
  Relative error : 5 digits
  Without checked transient error
  Max. #iterations : 20
  LineSearchDamping=1
  #undamped iterations : 50
  No incomplete Newton
  transient method : TR-BDF
  Linear solver : Pardiso
  Linear solver for AC analysis : blocked decomposition
  Linear solver for SHEDistribution Model : Super
  use linear extrapolation in transient/quasistationary computations
  use complex supernodal in ac-analysis (if possible)
  do not use smoothed PDE's in transient/quasistationary computations
  Harmonic balance (HB) specifications:
    Do not use MDFT mode in HB (i.e. one-tone and time domain assembly).
    Do not use in HB the logarithm of densities.
    No SolveSpectrum entries are specified.
    Plot HB results for time domain interval (0.0000e+00 , 0.0000e+00) using 0 intervals.
    HB Newton scaling parameters for rhs and update:
      Equation                         :  RhsScale  : UpdateScale
      Poisson                          :   1.00E+00 :   1.00E+00 
      Electron                         :   1.00E-05 :   1.00E+00 
      Hole                             :   1.00E-05 :   1.00E+00 
      Photon-Rate-Equation             :   1.00E-05 :   1.00E+00 
      Photon-Phase-Equation            :   1.00E+00 :   1.00E+00 
      Rate-Stabilize-Equation          :   1.00E+00 :   1.00E+00 
      QW-Scattering-Equations          :   1.00E-05 :   1.00E+00 
      QW-eScattering-Equation          :   1.00E-05 :   1.00E+00 
      QW-hScattering-Equation          :   1.00E-05 :   1.00E+00 
      Optical Problem                  :   1.00E+00 :   1.00E+00 
      Wavelength                       :   1.00E+00 :   1.00E+00 
      Bandstructure                    :   1.00E+00 :   1.00E+00 
      EmissionTable                    :   1.00E+00 :   1.00E+00 
      DephasingRates                   :   1.00E+00 :   1.00E+00 
      Photon Recycling                 :   1.00E+00 :   1.00E+00 
      Electron-Temperature             :   1.00E+00 :   1.00E+00 
      Hole-Temperature                 :   1.00E+00 :   1.00E+00 
      Lattice-Hole-Electron-Temperature:   1.00E+00 :   1.00E+00 
      Circuit                          :   1.00E-05 :   1.00E+00 
      TCircuit                         :   1.00E+00 :   1.00E+00 
      Contact                          :   1.00E-05 :   1.00E+00 
      TContact                         :   1.00E+00 :   1.00E+00 
      Continuation                     :   1.00E+00 :   1.00E+00 
      eLaplace                         :   1.00E+00 :   1.00E+00 
      hLaplace                         :   1.00E+00 :   1.00E+00 
      tLaplace                         :   1.00E+00 :   1.00E+00 
      MonteCarlo                       :   1.00E+00 :   1.00E+00 
      MCPoissonPDE                     :   1.00E+00 :   1.00E+00 
      eQuantumPotential                :   1.00E+00 :   1.00E+00 
      hQuantumPotential                :   1.00E+00 :   1.00E+00 
      quasi-fermi-potential            :   1.00E+00 :   1.00E+00 
      ConductiveInsulator              :   1.00E+00 :   1.00E+00 
      ContactAndConductiveInsulator    :   1.00E+00 :   1.00E+00 
      SingletExciton                   :   1.00E+00 :   1.00E+00 
      eHopping                         :   1.00E+00 :   1.00E+00 
      hHopping                         :   1.00E+00 :   1.00E+00 
      HydrogenAtom                     :   1.00E+00 :   1.00E+00 
      HydrogenMolecule                 :   1.00E+00 :   1.00E+00 
      HydrogenIon                      :   1.00E+00 :   1.00E+00 
      HydrogenSiliconBondOccupation    :   1.00E+00 :   1.00E+00 
      TrapPDE                          :   1.00E+00 :   1.00E+00 
      eSHEDistribution                 :   1.00E+00 :   1.00E+00 
      hSHEDistribution                 :   1.00E+00 :   1.00E+00 
      Landau-Lifshitz-Gilbert[theta]   :   1.00E+00 :   1.00E+00 
      Landau-Lifshitz-Gilbert[phi]     :   1.00E+00 :   1.00E+00 
      Mechanics                        :   1.00E+00 :   1.00E+00 
    HB Newton correction parameters for values:
      Equation                         :     Min    :  Variation 
      Electron                         :   1.00E-20 :   1.00E+18 
      Hole                             :   1.00E-20 :   1.00E+18 
      Photon-Rate-Equation             :   0.00E+00 :   1.00E+18 
      QW-eScattering-Equation          :   1.00E-20 :   1.00E+18 
      QW-hScattering-Equation          :   1.00E-20 :   1.00E+18 
      Electron-Temperature             :   1.00E+02 :   1.00E+18 
      Hole-Temperature                 :   1.00E+02 :   1.00E+18 
      Lattice-Hole-Electron-Temperature:   1.00E+02 :   1.00E+18 
    
    Traps are solved by decoupled mode.
  use automatic coupling of contact/circuit stuff
  Spice temperature: 3.0015e+02
  Spice nominal temperature of parameter measurements: 3.0015e+02
  Spice minimum conductance gmin: 1.0000e-12
  Use 64 bit (double) normal precision floating point arithmetic.
  Mininum |rhs| : 1.0000e-05
  Maximum |rhs| : 1.0000e+15
  Maximum |rhs| factor : 1.0000e+10
  Lattice Temperature Range : (50,5.0000e+03)
  Carrier Temperature Range : (10,8.0000e+04)
  Simplified first order SHE of BTE will be solved
  SHERefinementCutoff : 20
  No user dependencies.
  Number of assembly threads: 2 (Sentaurus Device command file)
  Number of solver threads: 2 (Sentaurus Device command file)
  Thread stacksize: 1000000 bytes (default)
  Go serial if not enough parallel licenses are available.

Default device parameters:
  Electrodes:
    "S" : 0.0000e+00 V (Ohmic), area factor : 1
    "D" : 0.0000e+00 V (Ohmic), area factor : 1
    "G" : -5.0000e-01 V (Ohmic, WorkFunction = 4.43 eV), area factor : 1
    "B" : 0.0000e+00 V (Ohmic), area factor : 1
  RayTrace Boundaries:
  Files:
    no Boundary file
    Grid file: n8_msh.tdr
    no Doping file
    no MobilityDoping file
    no Load file
    no Save file
    Plot file: n3_des.tdr
    no DevFieldsName file
    no Path file
    no Lifetime file
    no Temperature file
    Current file: n3_des.plt
    no PMIUserFields file
    no Extraction file
    no ModelParameters file
    ParameterPath directories: 
    no Piezo file
    no ModeGain file
    no Optical emission table for stimulated emission file
    no Optical emission table for spontaneous emission file
    no Optical emission table for photon phase change coefficient file
    no EmissionTable file
    no DephasingRates file
    no ASESpectrum file
    no OpticalFarField file
    no OpticalIntensityPattern file
    no SaveOpticalIntensityPattern file
    no OpticalXYAnglePattern file
    no SaveOpticalXYAnglePattern file
    no MonteCarloInput file
    no MonteCarloOutput file
    no ACPlot file
-----------------------------------------------
  Numerical parameters:
    With exact derivatives
    With avalanche derivatives
    Anisotropy Effects are modeled in AverageAniso Approximation
    Using old wavelength search algorithm
    Do not reinitialize quasi Fermi potentials in quasi-stationary simulations
    Ignore ionization integral constraints
    Use contact values for terminal current computation.
    Without diagonal preconditioning
    With Scharfetter-Gummel Discretization
    Relative error : 5 digits
    Delta for numerical tunnelling derivatives : 1.0000e-03
    Natural Box Method
    Do not compute breakdown paths and ionization integrals
    QuasiFermiPotential is used for Contact Equation
-----------------------------------------------
-----------------------------------------------
  Physical models:
    Without incomplete ionization
    Use Si parameters
    TATNonlocalPathNC = 0.0000e+00
    With SRH-Recombination
      Without field dependent lifetimes
      With doping dependent lifetimes
      Without temperature dependent lifetimes
    Without CDL-Recombination
    With optical generation computation 
    Without Band-to-Band-Tunneling
    Without Auger-Recombination
    Without Radiative Recombination
    Without Surface-Recombination
    Without Trap-Assisted-Auger-Recombination
    PMI recombination models: none
    Without thermal resistance interfaces
    Without Piezo
    Without Anisotropic Material Properties
    Without Avalanche-Generation 
    Without Alpha Particle
    Without Heavy Ion
    Without polarization
    Volume charge density: 0.0000e+00 cm^-3
    Device Temperature = 3.0000e+02 K
    Electron Quasi Fermi Potential: 0.0000e+00 V
    Hole Quasi Fermi Potential: 0.0000e+00 V
    Without MagneticField
    With SingletExciton Barrier Type
    Intrinsic density models:
      default bandgap model
      Bandgap narrowing model: OldSlotboom with bandgap narrowing (no Fermi)
    default affinity model
    default effective mass model
    Electron mobility:
      Doping dependence:
        Default
      no Carrier-Carrier scattering
      E_normal dependence:
        Lombardi
      Without ThinLayer mobility model
      High-field mobility: Caughey-Thomas saturation model, using gradient quasi-Fermi potential.
      Einstein relation for diffusivity-mobility ratio.
    Hole mobility:
      Doping dependence:
        Default
      no Carrier-Carrier scattering
      E_normal dependence:
        Lombardi
      Without ThinLayer mobility model
      High-field mobility: Caughey-Thomas saturation model, using gradient quasi-Fermi potential.
      Einstein relation for diffusivity-mobility ratio.
    Energy relaxation time model: according to formula in parameter file
    Lattice thermal conductivity model: according to formula in parameter file
    Metal Resistivity model: according to formula in parameter file
    Thermo Electric Power model: extraploted Si data
    Metal Thermo Electric Power model: MetalThermoElectricPower model not defined
    Lattice heat capacity model: temperature dependent
    no piezoelectric polarization model
    Without default parameters from file (use built-in default parameters)
-----------------------------------------------
  Process information for extraction purposes:
    none
  Plot variables:
    eDensity
    hDensity
    eCurrentDensity
    hCurrentDensity
    TotalCurrentDensity/Vector
    eCurrentDensity/Vector
    hCurrentDensity/Vector
    eMobility
    hMobility
    eVelocity
    hVelocity
    eEnormal
    hEnormal
    ElectricField/Vector
    ElectrostaticPotential
    SpaceCharge
    eQuasiFermiPotential
    hQuasiFermiPotential
    DopingConcentration
    SRHRecombination
    AugerRecombination
    AvalancheGeneration
    DonorConcentration
    AcceptorConcentration
    eGradQuasiFermi/Vector
    hGradQuasiFermi/Vector
    eEparallel
    hEparallel
    BandGap
    BandgapNarrowing
    ElectronAffinity
    ConductionBandEnergy
    ValenceBandEnergy

------------------------------------------------
  NoisePlot variables:
    none
  Plot groups:
    none

------------------------------------------------
  CurrentPlot variables:
    none
Devices:
Systems:
Solve :
 Poisson
Coupled ( Digits : 5, Max. #iterations : 100, 
    Solver : Pardiso,
    #undamped iterations : 50 
    )
    { Poisson Electron Hole } 
Coupled ( Digits : 5, Max. #iterations : 20, 
    Solver : Pardiso,
    #undamped iterations : 50 
    )
    { Poisson Electron Hole } 
Quasistationary ( Digits : 5, Max. #iterations : 20, 
      Initial step in t : 0.01, 
      Minimum step in t : 1.0000e-05, Maximum step in t : 0.2, 
      Increment : 1.35, Decrement : 2, 
      Goal values :
        Contact D : 1V
    )
  {
    Coupled ( Digits : 5, Max. #iterations : 20, 
        Solver : Pardiso,
        #undamped iterations : 50 
        )
        { Poisson Electron Hole } 
  }
Quasistationary ( Digits : 5, Max. #iterations : 20, 
      Initial step in t : 1.0000e-03, 
      Minimum step in t : 1.0000e-05, Maximum step in t : 0.05, 
      Increment : 1.35, Decrement : 2, 
      Goal values :
        Contact G : 1.5V
    )
  {
    Coupled ( Digits : 5, Max. #iterations : 20, 
        Solver : Pardiso,
        #undamped iterations : 50 
        )
        { Poisson Electron Hole } 
  }

===============================

Reading grid 'n8_msh.tdr' ... 
  coordinate system: 3d_dfise_a (y is device down direction, 3d extension right-handed)
  use coordinate system as is (no transformation)
  TDR format
  Number of grid points is 1120.
done.

Adding interfaces and contacts .... done.
Computing edges ...
  Number of edges: 6625
done.
Computing boxes ...

  NaturalBoxMethod = TRUE 
   
  ElementWithMinVolume(  4089) Vertex0(  613)( 3.000000e-02, 5.000000e-03, 5.500000e-03) Volume = 7.812500e-11 um3 (1.94e-06 from TotalVolume)
    ElementWithMinEdge(  1331) Vertex0(  219)( 2.625000e-02, 5.000000e-03,-1.000000e-02) Length = 5.000000e-04 um
        MaxFlatElement(  2250) Vertex0( 1008)( 6.750000e-02, 5.000000e-03,-1.500000e-02)  Angle = 9.492004e+00 degrees

   NumberOfEdges              =   6625 
   NumberOfGeometricalEdges   =   6441 
   NumberOfDoubleEdges        =      0 
   MaxNumberOfElementsPerEdge =      8 
   MaxNumberOfEdgesPerVertex  =     23 

  Boxmethod Parallel Computing: nbThreads = 2 

  Computing Voronoi surfaces ...  done.
  Voronoi surfaces time:  tcpu = 0.09 s

  Computing coefficients ...   done.
  Coefficients time:  tcpu = 0.0000e+00 s

  Computing measures ...   done.
  Measures time:  tcpu = 0.0000e+00 s

  (times: wallclock = 0.1 s, tcpu = 0.1 s)


/-------- Region non Delaunay elements ------------------------------------------
 Region         Volume      BoxMethodVolume  DeltaVolume  Elements  non Delaunay 
  name           [um3]          [um3]           [%]                   Elements   
 --------------------------------------------------------------------------------
 Body        7.5000000e-06  7.5000000e-06       0.000      1000       0 ( 0.00 %) 
 Box_lump_2  1.5750000e-05  1.5750000e-05       0.000      1455       0 ( 0.00 %) 
 Box_lump_1  1.5000000e-05  1.5000000e-05       0.000      1203       0 ( 0.00 %) 
 Channel     3.7500000e-07  3.7500000e-07       0.000       191       0 ( 0.00 %) 
 Gateoxide   1.2000000e-07  1.2000000e-07       0.000       384       0 ( 0.00 %) 
 DrainC      3.7500000e-07  3.7500000e-07       0.000        54       0 ( 0.00 %) 
 Drain       3.7500000e-07  3.7500000e-07       0.000       191       0 ( 0.00 %) 
 Source      3.7500000e-07  3.7500000e-07       0.000       190       0 ( 0.00 %) 
 SourceC     3.7500000e-07  3.7500000e-07       0.000        33       0 ( 0.00 %) 
 Total       4.0245000e-05  4.0245000e-05       0.000      4701       0 ( 0.00 %) 
\--------------------------------------------------------------------------------
done.
Reading doping 'n8_msh.tdr' (TDR format) ...
done.
done.


=======
Region: "Body"
  (material is "Silicon")
=======
  Constants are not modified and equal to default ones

=======
Region: "Box_lump_1"
  (material is "Oxide")
=======
  Constants are not modified and equal to default ones

=======
Region: "Box_lump_2"
  (material is "Oxide")
=======
  Constants are not modified and equal to default ones

=======
Region: "Channel"
  (material is "Silicon")
=======
  Constants are not modified and equal to default ones

=======
Region: "Drain"
  (material is "Silicon")
=======
  Constants are not modified and equal to default ones

=======
Region: "DrainC"
  (material is "Silicon")
=======
  Constants are not modified and equal to default ones

=======
Region: "Gateoxide"
  (material is "Oxide")
=======
  Constants are not modified and equal to default ones

=======
Region: "Source"
  (material is "Silicon")
=======
  Constants are not modified and equal to default ones

=======
Region: "SourceC"
  (material is "Silicon")
=======
  Constants are not modified and equal to default ones

================
RegionInterface: "Body/Box_lump_1"
  (material interface is "Silicon/Oxide")
================
  Constants are not modified and equal to default ones

================
RegionInterface: "Body/Box_lump_2"
  (material interface is "Silicon/Oxide")
================
  Constants are not modified and equal to default ones

================
RegionInterface: "Body/Channel"
  (material interface is "Silicon/Silicon")
================
  Constants are not modified and equal to default ones

================
RegionInterface: "Body/Drain"
  (material interface is "Silicon/Silicon")
================
  Constants are not modified and equal to default ones

================
RegionInterface: "Body/DrainC"
  (material interface is "Silicon/Silicon")
================
  Constants are not modified and equal to default ones

================
RegionInterface: "Body/Source"
  (material interface is "Silicon/Silicon")
================
  Constants are not modified and equal to default ones

================
RegionInterface: "Body/SourceC"
  (material interface is "Silicon/Silicon")
================
  Constants are not modified and equal to default ones

================
RegionInterface: "Box_lump_1/Gateoxide"
  (material interface is "Oxide/Oxide")
================
  Constants are not modified and equal to default ones

================
RegionInterface: "Box_lump_2/Gateoxide"
  (material interface is "Oxide/Oxide")
================
  Constants are not modified and equal to default ones

================
RegionInterface: "Channel/Drain"
  (material interface is "Silicon/Silicon")
================
  Constants are not modified and equal to default ones

================
RegionInterface: "Channel/Gateoxide"
  (material interface is "Silicon/Oxide")
================
  Constants are not modified and equal to default ones

================
RegionInterface: "Channel/Source"
  (material interface is "Silicon/Silicon")
================
  Constants are not modified and equal to default ones

================
RegionInterface: "DrainC/Drain"
  (material interface is "Silicon/Silicon")
================
  Constants are not modified and equal to default ones

================
RegionInterface: "Source/SourceC"
  (material interface is "Silicon/Silicon")
================
  Constants are not modified and equal to default ones

==========
Electrode: "B"
==========
  Constants are not modified and equal to default ones

==========
Electrode: "D"
==========
  Constants are not modified and equal to default ones

==========
Electrode: "G"
==========
  Constants are not modified and equal to default ones

==========
Electrode: "S"
==========
  Constants are not modified and equal to default ones


Acceptor and donor concentrations (AcceptorConcentration, DonorConcentration):
    computed based on the following species from the doping file:
        ArsenicActiveConcentration (donor)
        BoronActiveConcentration (acceptor)
Net doping concentration (DopingConcentration):
    obtained from doping file
Total doping concentration (TotalConcentration):
    recomputed from acceptor and donor concentrations


Thu Nov 28 03:57:05 2019: checked out 1 Dessis-3D license(s)
Thu Nov 28 03:57:05 2019: checked out 1 sdevice-3d license(s)

With Constant Reference Potential:
  Parameters of Reference Semiconductor:
    The Electron Affinity: 4.07274
    The Band Gap: 1.10821
    The Electron DOS: 2.8583e+19
    The Hole DOS: 3.1046e+19
  The Constant Reference Potential: 4.62578

===============================
Starting solve of next problem:
 Poisson
===============================

Computing poisson-equation 
using Bank/Rose nonlinear solver.

Iteration   |Rhs|      factor     |step|     error   #inner  #iterative  time
------------------------------------------------------------------------------
    0      6.59e-03                                                      0.00
    1      3.21e-03   1.00e+00   5.97e+00   9.51e+04    0         1      0.02
    2      1.03e-03   1.00e+00   3.64e+00   1.44e+05    0         1      0.03
    3      9.95e-05   1.00e+00   1.32e+00   3.17e+04    0         1      0.04
    4      7.07e-06   1.00e+00   1.92e-01   3.72e+03    0         1      0.05
Finished, because...
|RHS| less than 1.0000E-05.

Accumulated times:
Rhs time:        0.00 s
Jacobian time:   0.00 s
Solve time:      0.05 s
Total time:      0.05 s

contact        voltage     electron current    hole current  conduction current
 D            0.000E+00      -2.041E-21        -6.182E-39       -2.041E-21
 G           -5.000E-01       0.000E+00         0.000E+00        0.000E+00
 S            0.000E+00      -2.043E-21        -2.475E-38       -2.043E-21
 B            0.000E+00      -5.035E-37        -2.970E-22       -2.970E-22


===============================
Starting solve of next problem:
Coupled ( Digits : 5, Max. #iterations : 100, 
    Solver : Pardiso,
    #undamped iterations : 50 
    )
    { Poisson Electron Hole } 
===============================

Computing Coupled( 1 poisson-equation(s) , 1 electron-equation(s) , 
                   1 hole-equation(s) ) 
using Bank/Rose nonlinear solver.

Iteration   |Rhs|      factor     |step|     error   #inner  #iterative  time
------------------------------------------------------------------------------
    0      7.07e-06                                                      0.05
    1      2.05e+01   1.00e+00   1.14e-02   5.84e+02    0         1      0.18
    2      3.69e-04   1.00e+00   1.22e-04   6.71e+00    0         1      0.26
    3      1.29e-08   1.00e+00   1.14e-08   6.41e-04    0         1      0.36
Finished, because...
Error smaller than 1 ( 6.4124E-04 ).

Accumulated times:
Rhs time:        0.26 s
Jacobian time:   0.01 s
Solve time:      0.08 s
Total time:      0.36 s

contact        voltage     electron current    hole current  conduction current
 D            0.000E+00       9.249E-21         1.255E-36        9.249E-21
 G           -5.000E-01       0.000E+00         0.000E+00        0.000E+00
 S            0.000E+00       1.859E-20         1.312E-36        1.859E-20
 B            0.000E+00      -9.013E-38         2.369E-22        2.369E-22


===============================
Starting solve of next problem:
Coupled ( Digits : 5, Max. #iterations : 20, 
    Solver : Pardiso,
    #undamped iterations : 50 
    )
    { Poisson Electron Hole } 
===============================

Computing Coupled( 1 poisson-equation(s) , 1 electron-equation(s) , 
                   1 hole-equation(s) ) 
using Bank/Rose nonlinear solver.

Iteration   |Rhs|      factor     |step|     error   #inner  #iterative  time
------------------------------------------------------------------------------
    0      1.29e-08                                                      0.00
    1      1.12e-08   1.00e+00   1.01e-15   2.40e-11    0         1      0.12
Finished, because...
Error smaller than 1 ( 2.3999E-11 ).

Accumulated times:
Rhs time:        0.07 s
Jacobian time:   0.01 s
Solve time:      0.04 s
Total time:      0.12 s

contact        voltage     electron current    hole current  conduction current
 D            0.000E+00      -6.235E-22         1.185E-36       -6.235E-22
 G           -5.000E-01       0.000E+00         0.000E+00        0.000E+00
 S            0.000E+00       1.921E-20         1.298E-36        1.921E-20
 B            0.000E+00       1.298E-37        -1.536E-22       -1.536E-22


===============================
Starting solve of next problem:
Quasistationary ( Digits : 5, Max. #iterations : 20, 
      Initial step in t : 0.01, 
      Minimum step in t : 1.0000e-05, Maximum step in t : 0.2, 
      Increment : 1.35, Decrement : 2, 
      Goal values :
        Contact D : 1V
    )
  {
    Coupled ( Digits : 5, Max. #iterations : 20, 
        Solver : Pardiso,
        #undamped iterations : 50 
        )
        { Poisson Electron Hole } 
  }
===============================

Computing step from t=0.0000e+00 to t=0.01 (Stepsize: 0.01) :
Computing Coupled( 1 poisson-equation(s) , 1 electron-equation(s) , 
                   1 hole-equation(s) ) 
using Bank/Rose nonlinear solver.

Iteration   |Rhs|      factor     |step|     error   #inner  #iterative  time
------------------------------------------------------------------------------
    0      1.51e+05                                                      0.06
    1      3.91e+04   1.00e+00   2.00e-01   5.70e+03    0         1      0.19
    2      1.22e+03   1.00e+00   5.35e-02   1.05e+03    0         1      0.28
    3      1.98e-01   1.00e+00   1.61e-03   1.30e+01    0         1      0.38
    4      8.67e-07   1.00e+00   9.09e-05   2.17e-01    0         1      0.47
Finished, because...
Error smaller than 1 ( 2.1702E-01 ).

Accumulated times:
Rhs time:        0.32 s
Jacobian time:   0.04 s
Solve time:      0.10 s
Total time:      0.47 s

contact        voltage     electron current    hole current  conduction current
 D            1.000E-02       2.911E-19         3.584E-23        2.911E-19
 G           -5.000E-01       0.000E+00         0.000E+00        0.000E+00
 S            0.000E+00      -1.328E-19        -3.078E-35       -1.328E-19
 B            0.000E+00      -4.520E-22        -4.738E-20       -4.784E-20

Computing step from t=0.01 to t=0.0228 (Stepsize: 0.0128) :
Computing Coupled( 1 poisson-equation(s) , 1 electron-equation(s) , 
                   1 hole-equation(s) ) 
using Bank/Rose nonlinear solver.

Iteration   |Rhs|      factor     |step|     error   #inner  #iterative  time
------------------------------------------------------------------------------
    0      1.62e-06                                                      0.07
    1      2.42e+00   1.00e+00   1.56e-02   2.77e+01    0         1      0.16
    2      8.92e-07   1.00e+00   1.90e-03   1.57e-02    0         1      0.26
Finished, because...
Error smaller than 1 ( 1.5719E-02 ).

Accumulated times:
Rhs time:        0.21 s
Jacobian time:   0.01 s
Solve time:      0.04 s
Total time:      0.26 s

contact        voltage     electron current    hole current  conduction current
 D            2.280E-02       2.641E-19         6.527E-23        2.642E-19
 G           -5.000E-01       0.000E+00         0.000E+00        0.000E+00
 S            0.000E+00      -1.617E-19        -7.710E-35       -1.617E-19
 B            0.000E+00      -8.260E-22        -1.019E-19       -1.027E-19

Computing step from t=0.0228 to t=0.0397813 (Stepsize: 0.0169813) :
Computing Coupled( 1 poisson-equation(s) , 1 electron-equation(s) , 
                   1 hole-equation(s) ) 
using Bank/Rose nonlinear solver.

Iteration   |Rhs|      factor     |step|     error   #inner  #iterative  time
------------------------------------------------------------------------------
    0      2.79e-06                                                      0.06
    1      7.17e+00   1.00e+00   1.85e-02   4.82e+01    0         1      0.16
    2      3.67e-05   1.00e+00   2.44e-03   4.70e-02    0         1      0.25
Finished, because...
Error smaller than 1 ( 4.7008E-02 ).

Accumulated times:
Rhs time:        0.20 s
Jacobian time:   0.01 s
Solve time:      0.04 s
Total time:      0.25 s

contact        voltage     electron current    hole current  conduction current
 D            3.978E-02       3.291E-19         8.707E-23        3.292E-19
 G           -5.000E-01       0.000E+00         0.000E+00        0.000E+00
 S            0.000E+00      -1.598E-19        -1.483E-34       -1.598E-19
 B            0.000E+00      -1.106E-21        -1.682E-19       -1.693E-19

Computing step from t=0.0397813 to t=0.0623099 (Stepsize: 0.0225286) :
Computing Coupled( 1 poisson-equation(s) , 1 electron-equation(s) , 
                   1 hole-equation(s) ) 
using Bank/Rose nonlinear solver.

Iteration   |Rhs|      factor     |step|     error   #inner  #iterative  time
------------------------------------------------------------------------------
    0      7.47e-05                                                      0.07
    1      2.14e+01   1.00e+00   4.77e-02   8.57e+01    0         1      0.16
    2      4.31e-04   1.00e+00   6.41e-03   1.56e-01    0         1      0.26
Finished, because...
Error smaller than 1 ( 1.5644E-01 ).

Accumulated times:
Rhs time:        0.20 s
Jacobian time:   0.02 s
Solve time:      0.04 s
Total time:      0.26 s

contact        voltage     electron current    hole current  conduction current
 D            6.231E-02       4.022E-19         1.003E-22        4.023E-19
 G           -5.000E-01       0.000E+00         0.000E+00        0.000E+00
 S            0.000E+00      -1.485E-19        -2.575E-34       -1.485E-19
 B            0.000E+00      -1.280E-21        -3.042E-19       -3.055E-19

Computing step from t=0.0623099 to t=0.0921978 (Stepsize: 0.0298879) :
Computing Coupled( 1 poisson-equation(s) , 1 electron-equation(s) , 
                   1 hole-equation(s) ) 
using Bank/Rose nonlinear solver.

Iteration   |Rhs|      factor     |step|     error   #inner  #iterative  time
------------------------------------------------------------------------------
    0      8.10e-04                                                      0.07
    1      6.23e+01   1.00e+00   6.83e-02   1.55e+02    0         1      0.16
    2      5.23e-03   1.00e+00   6.09e-03   5.60e-01    0         1      0.25
Finished, because...
Error smaller than 1 ( 5.6041E-01 ).

Accumulated times:
Rhs time:        0.19 s
Jacobian time:   0.02 s
Solve time:      0.02 s
Total time:      0.25 s

contact        voltage     electron current    hole current  conduction current
 D            9.220E-02       4.986E-19         1.062E-22        4.987E-19
 G           -5.000E-01       0.000E+00         0.000E+00        0.000E+00
 S            0.000E+00      -1.666E-19        -4.110E-34       -1.666E-19
 B            0.000E+00      -1.369E-21        -9.476E-19       -9.489E-19

Computing step from t=0.0921978 to t=0.131849 (Stepsize: 0.0396513) :
Computing Coupled( 1 poisson-equation(s) , 1 electron-equation(s) , 
                   1 hole-equation(s) ) 
using Bank/Rose nonlinear solver.

Iteration   |Rhs|      factor     |step|     error   #inner  #iterative  time
------------------------------------------------------------------------------
    0      9.45e-03                                                      0.07
    1      2.21e+02   1.00e+00   1.26e-01   2.88e+02    0         1      0.17
    2      9.34e-02   1.00e+00   4.60e-02   2.24e+00    0         1      0.26
    3      1.68e-08   1.00e+00   5.50e-03   1.28e-02    0         1      0.36
Finished, because...
Error smaller than 1 ( 1.2802E-02 ).

Accumulated times:
Rhs time:        0.27 s
Jacobian time:   0.03 s
Solve time:      0.06 s
Total time:      0.36 s

contact        voltage     electron current    hole current  conduction current
 D            1.318E-01       6.117E-19         1.071E-22        6.118E-19
 G           -5.000E-01       0.000E+00         0.000E+00        0.000E+00
 S            0.000E+00      -1.627E-19        -6.250E-34       -1.627E-19
 B            0.000E+00      -1.413E-21        -4.276E-19       -4.290E-19

Computing step from t=0.131849 to t=0.183528 (Stepsize: 0.0516788) :
Computing Coupled( 1 poisson-equation(s) , 1 electron-equation(s) , 
                   1 hole-equation(s) ) 
using Bank/Rose nonlinear solver.

Iteration   |Rhs|      factor     |step|     error   #inner  #iterative  time
------------------------------------------------------------------------------
    0      4.26e-03                                                      0.06
    1      7.62e+02   1.00e+00   1.75e-01   5.42e+02    0         1      0.16
    2      1.43e+00   1.00e+00   4.89e-02   9.44e+00    0         1      0.25
    3      4.62e-05   1.00e+00   1.67e-02   4.75e-02    0         1      0.35
Finished, because...
Error smaller than 1 ( 4.7460E-02 ).

Accumulated times:
Rhs time:        0.26 s
Jacobian time:   0.03 s
Solve time:      0.06 s
Total time:      0.35 s

contact        voltage     electron current    hole current  conduction current
 D            1.835E-01       7.338E-19         1.057E-22        7.339E-19
 G           -5.000E-01       0.000E+00         0.000E+00        0.000E+00
 S            0.000E+00      -1.918E-19        -9.261E-34       -1.918E-19
 B            0.000E+00      -1.449E-21        -5.235E-19       -5.249E-19

Computing step from t=0.183528 to t=0.250883 (Stepsize: 0.0673548) :
Computing Coupled( 1 poisson-equation(s) , 1 electron-equation(s) , 
                   1 hole-equation(s) ) 
using Bank/Rose nonlinear solver.

Iteration   |Rhs|      factor     |step|     error   #inner  #iterative  time
------------------------------------------------------------------------------
    0      5.99e-05                                                      0.07
    1      1.82e+03   1.00e+00   1.52e-01   1.05e+03    0         1      0.17
    2      1.29e+01   1.00e+00   2.29e-02   4.00e+01    0         1      0.27
    3      2.49e-04   1.00e+00   5.57e-04   3.77e-01    0         1      0.36
Finished, because...
Error smaller than 1 ( 3.7741E-01 ).

Accumulated times:
Rhs time:        0.27 s
Jacobian time:   0.02 s
Solve time:      0.06 s
Total time:      0.36 s

contact        voltage     electron current    hole current  conduction current
 D            2.509E-01       8.857E-19         1.037E-22        8.858E-19
 G           -5.000E-01       0.000E+00         0.000E+00        0.000E+00
 S            0.000E+00      -2.201E-19        -1.569E-33       -2.201E-19
 B            0.000E+00      -1.496E-21        -6.542E-19       -6.557E-19

Computing step from t=0.250883 to t=0.338668 (Stepsize: 0.0877857) :
Computing Coupled( 1 poisson-equation(s) , 1 electron-equation(s) , 
                   1 hole-equation(s) ) 
using Bank/Rose nonlinear solver.

Iteration   |Rhs|      factor     |step|     error   #inner  #iterative  time
------------------------------------------------------------------------------
    0      3.69e-04                                                      0.07
    1      1.89e+03   1.00e+00   2.95e-01   1.97e+03    0         1      0.16
    2      3.75e+00   1.00e+00   1.58e-01   1.47e+02    0         1      0.26
    3      2.87e-03   1.00e+00   8.54e-02   3.03e-01    0         1      0.35
Finished, because...
Error smaller than 1 ( 3.0328E-01 ).

Accumulated times:
Rhs time:        0.28 s
Jacobian time:   0.02 s
Solve time:      0.05 s
Total time:      0.35 s

contact        voltage     electron current    hole current  conduction current
 D            3.387E-01       1.166E-18         1.015E-22        1.166E-18
 G           -5.000E-01       0.000E+00         0.000E+00        0.000E+00
 S            0.000E+00      -2.433E-19        -2.674E-33       -2.433E-19
 B            0.000E+00      -1.556E-21        -9.182E-19       -9.197E-19

Computing step from t=0.338668 to t=0.453082 (Stepsize: 0.114414) :
Computing Coupled( 1 poisson-equation(s) , 1 electron-equation(s) , 
                   1 hole-equation(s) ) 
using Bank/Rose nonlinear solver.

Iteration   |Rhs|      factor     |step|     error   #inner  #iterative  time
------------------------------------------------------------------------------
    0      1.52e-03                                                      0.06
    1      2.10e+03   1.00e+00   5.80e-01   2.97e+03    0         1      0.15
    2      2.48e+00   1.00e+00   4.44e-01   3.62e+02    0         1      0.24
    3      2.28e-04   1.00e+00   6.94e-02   4.11e-01    0         1      0.34
Finished, because...
Error smaller than 1 ( 4.1106E-01 ).

Accumulated times:
Rhs time:        0.26 s
Jacobian time:   0.03 s
Solve time:      0.05 s
Total time:      0.34 s

contact        voltage     electron current    hole current  conduction current
 D            4.531E-01       1.536E-18         9.941E-23        1.536E-18
 G           -5.000E-01       0.000E+00         0.000E+00        0.000E+00
 S            0.000E+00      -2.895E-19        -4.096E-33       -2.895E-19
 B            0.000E+00      -1.627E-21        -1.257E-18       -1.259E-18

Computing step from t=0.453082 to t=0.602202 (Stepsize: 0.14912) :
Computing Coupled( 1 poisson-equation(s) , 1 electron-equation(s) , 
                   1 hole-equation(s) ) 
using Bank/Rose nonlinear solver.

Iteration   |Rhs|      factor     |step|     error   #inner  #iterative  time
------------------------------------------------------------------------------
    0      1.03e-03                                                      0.07
    1      8.03e+03   1.00e+00   2.78e-01   2.42e+03    0         1      0.17
    2      7.48e+01   1.00e+00   7.08e-02   2.21e+02    0         1      0.26
    3      8.08e-03   1.00e+00   3.25e-03   5.18e+00    0         1      0.35
    4      1.16e-07   1.00e+00   1.04e-04   2.57e-03    0         1      0.45
Finished, because...
Error smaller than 1 ( 2.5654E-03 ).

Accumulated times:
Rhs time:        0.34 s
Jacobian time:   0.04 s
Solve time:      0.07 s
Total time:      0.45 s

contact        voltage     electron current    hole current  conduction current
 D            6.022E-01       1.781E-18         9.930E-23        1.781E-18
 G           -5.000E-01       0.000E+00         0.000E+00        0.000E+00
 S            0.000E+00      -3.092E-19        -5.403E-33       -3.092E-19
 B            0.000E+00      -1.698E-21        -1.443E-18       -1.444E-18

Computing step from t=0.602202 to t=0.793075 (Stepsize: 0.190873) :
Computing Coupled( 1 poisson-equation(s) , 1 electron-equation(s) , 
                   1 hole-equation(s) ) 
using Bank/Rose nonlinear solver.

Iteration   |Rhs|      factor     |step|     error   #inner  #iterative  time
------------------------------------------------------------------------------
    0      1.47e-04                                                      0.07
    1      1.54e+04   1.00e+00   5.69e-01   4.73e+03    0         1      0.17
    2      2.49e+02   1.00e+00   3.58e-01   5.50e+02    0         1      0.26
    3      2.96e-02   1.00e+00   4.50e-02   8.57e+00    0         1      0.36
    4      3.66e-06   1.00e+00   2.65e-03   4.39e-03    0         1      0.45
Finished, because...
Error smaller than 1 ( 4.3862E-03 ).

Accumulated times:
Rhs time:        0.33 s
Jacobian time:   0.04 s
Solve time:      0.08 s
Total time:      0.45 s

contact        voltage     electron current    hole current  conduction current
 D            7.931E-01       1.991E-18         1.004E-22        1.991E-18
 G           -5.000E-01       0.000E+00         0.000E+00        0.000E+00
 S            0.000E+00      -4.038E-19        -7.330E-33       -4.038E-19
 B            0.000E+00      -1.773E-21        -1.568E-18       -1.570E-18

Computing step from t=0.793075 to t=0.993075 (Stepsize: 0.2) :
Computing Coupled( 1 poisson-equation(s) , 1 electron-equation(s) , 
                   1 hole-equation(s) ) 
using Bank/Rose nonlinear solver.

Iteration   |Rhs|      factor     |step|     error   #inner  #iterative  time
------------------------------------------------------------------------------
    0      1.88e-04                                                      0.07
    1      1.05e+04   1.00e+00   4.63e-01   1.46e+04    0         1      0.16
    2      1.37e+02   1.00e+00   3.17e-01   2.06e+03    0         1      0.26
    3      2.69e-01   1.00e+00   4.17e-02   2.28e+01    0         1      0.36
    4      1.21e-05   1.00e+00   2.34e-03   6.89e-02    0         1      0.45
Finished, because...
Error smaller than 1 ( 6.8947E-02 ).

Accumulated times:
Rhs time:        0.33 s
Jacobian time:   0.04 s
Solve time:      0.07 s
Total time:      0.45 s

contact        voltage     electron current    hole current  conduction current
 D            9.931E-01       2.376E-18         1.015E-22        2.376E-18
 G           -5.000E-01       0.000E+00         0.000E+00        0.000E+00
 S            0.000E+00      -5.411E-19        -1.116E-32       -5.411E-19
 B            0.000E+00      -1.835E-21        -1.848E-18       -1.850E-18

Computing step from t=0.993075 to t=1 (Stepsize: 6.9249e-03) :
Computing Coupled( 1 poisson-equation(s) , 1 electron-equation(s) , 
                   1 hole-equation(s) ) 
using Bank/Rose nonlinear solver.

Iteration   |Rhs|      factor     |step|     error   #inner  #iterative  time
------------------------------------------------------------------------------
    0      1.24e-05                                                      0.07
    1      3.20e+00   1.00e+00   5.64e-03   6.73e+01    0         1      0.17
    2      5.29e-05   1.00e+00   4.21e-05   2.22e-01    0         1      0.26
Finished, because...
Error smaller than 1 ( 2.2157E-01 ).

Accumulated times:
Rhs time:        0.21 s
Jacobian time:   0.01 s
Solve time:      0.04 s
Total time:      0.26 s

contact        voltage     electron current    hole current  conduction current
 D            1.000E+00       2.370E-18         1.015E-22        2.370E-18
 G           -5.000E-01       0.000E+00         0.000E+00        0.000E+00
 S            0.000E+00      -5.468E-19        -1.136E-32       -5.468E-19
 B            0.000E+00      -1.837E-21        -1.861E-18       -1.863E-18


Finished, because of...
Curve trace finished.


===============================
Starting solve of next problem:
Quasistationary ( Digits : 5, Max. #iterations : 20, 
      Initial step in t : 1.0000e-03, 
      Minimum step in t : 1.0000e-05, Maximum step in t : 0.05, 
      Increment : 1.35, Decrement : 2, 
      Goal values :
        Contact G : 1.5V
    )
  {
    Coupled ( Digits : 5, Max. #iterations : 20, 
        Solver : Pardiso,
        #undamped iterations : 50 
        )
        { Poisson Electron Hole } 
  }
===============================

Computing step from t=0.0000e+00 to t=1.0000e-03 (Stepsize: 1.0000e-03) :
Computing Coupled( 1 poisson-equation(s) , 1 electron-equation(s) , 
                   1 hole-equation(s) ) 
using Bank/Rose nonlinear solver.

Iteration   |Rhs|      factor     |step|     error   #inner  #iterative  time
------------------------------------------------------------------------------
    0      5.29e-05                                                      0.07
    1      2.13e+01   1.00e+00   2.65e-02   1.52e+03    0         1      0.18
    2      3.90e-03   1.00e+00   7.07e-04   4.99e+01    0         1      0.28
    3      1.51e-08   1.00e+00   7.51e-07   1.56e-02    0         1      0.38
Finished, because...
Error smaller than 1 ( 1.5582E-02 ).

Accumulated times:
Rhs time:        0.27 s
Jacobian time:   0.03 s
Solve time:      0.08 s
Total time:      0.38 s

contact        voltage     electron current    hole current  conduction current
 D            1.000E+00       2.428E-18         1.015E-22        2.428E-18
 G           -4.980E-01       0.000E+00         0.000E+00        0.000E+00
 S            0.000E+00      -5.547E-19        -1.199E-32       -5.547E-19
 B            0.000E+00      -1.838E-21        -1.860E-18       -1.862E-18

Computing step from t=1.0000e-03 to t=2.3033e-03 (Stepsize: 1.3033e-03) :
Computing Coupled( 1 poisson-equation(s) , 1 electron-equation(s) , 
                   1 hole-equation(s) ) 
using Bank/Rose nonlinear solver.

Iteration   |Rhs|      factor     |step|     error   #inner  #iterative  time
------------------------------------------------------------------------------
    0      6.98e-05                                                      0.07
    1      2.23e-03   1.00e+00   1.09e-04   6.98e-01    0         1      0.16
Finished, because...
Error smaller than 1 ( 6.9765E-01 ).

Accumulated times:
Rhs time:        0.14 s
Jacobian time:   0.01 s
Solve time:      0.01 s
Total time:      0.16 s

contact        voltage     electron current    hole current  conduction current
 D            1.000E+00       2.478E-18         1.015E-22        2.478E-18
 G           -4.954E-01       0.000E+00         0.000E+00        0.000E+00
 S            0.000E+00      -6.267E-19        -1.286E-32       -6.267E-19
 B            0.000E+00      -1.838E-21         1.991E-16        1.991E-16

Computing step from t=2.3033e-03 to t=4.0628e-03 (Stepsize: 1.7595e-03) :
Computing Coupled( 1 poisson-equation(s) , 1 electron-equation(s) , 
                   1 hole-equation(s) ) 
using Bank/Rose nonlinear solver.

Iteration   |Rhs|      factor     |step|     error   #inner  #iterative  time
------------------------------------------------------------------------------
    0      5.32e-03                                                      0.07
    1      7.18e-03   1.00e+00   1.97e-04   1.24e+00    0         1      0.17
    2      1.77e-08   1.00e+00   1.51e-07   2.85e-05    0         1      0.27
Finished, because...
Error smaller than 1 ( 2.8546E-05 ).

Accumulated times:
Rhs time:        0.21 s
Jacobian time:   0.02 s
Solve time:      0.02 s
Total time:      0.27 s

contact        voltage     electron current    hole current  conduction current
 D            1.000E+00       2.550E-18         1.015E-22        2.550E-18
 G           -4.919E-01       0.000E+00         0.000E+00        0.000E+00
 S            0.000E+00      -6.733E-19        -1.415E-32       -6.733E-19
 B            0.000E+00      -1.839E-21        -1.849E-18       -1.851E-18

Computing step from t=4.0628e-03 to t=6.3971e-03 (Stepsize: 2.3343e-03) :
Computing Coupled( 1 poisson-equation(s) , 1 electron-equation(s) , 
                   1 hole-equation(s) ) 
using Bank/Rose nonlinear solver.

Iteration   |Rhs|      factor     |step|     error   #inner  #iterative  time
------------------------------------------------------------------------------
    0      3.06e-03                                                      0.07
    1      2.25e-02   1.00e+00   3.50e-04   2.18e+00    0         1      0.16
    2      1.66e-08   1.00e+00   4.21e-07   8.77e-05    0         1      0.25
Finished, because...
Error smaller than 1 ( 8.7656E-05 ).

Accumulated times:
Rhs time:        0.20 s
Jacobian time:   0.01 s
Solve time:      0.04 s
Total time:      0.25 s

contact        voltage     electron current    hole current  conduction current
 D            1.000E+00       2.658E-18         1.015E-22        2.658E-18
 G           -4.872E-01       0.000E+00         0.000E+00        0.000E+00
 S            0.000E+00      -7.615E-19        -1.608E-32       -7.615E-19
 B            0.000E+00      -1.840E-21        -1.841E-18       -1.843E-18

Computing step from t=6.3971e-03 to t=9.4939e-03 (Stepsize: 3.0968e-03) :
Computing Coupled( 1 poisson-equation(s) , 1 electron-equation(s) , 
                   1 hole-equation(s) ) 
using Bank/Rose nonlinear solver.

Iteration   |Rhs|      factor     |step|     error   #inner  #iterative  time
------------------------------------------------------------------------------
    0      2.77e-07                                                      0.07
    1      6.95e-02   1.00e+00   6.17e-04   3.79e+00    0         1      0.16
    2      1.43e-08   1.00e+00   1.15e-06   2.64e-04    0         1      0.26
Finished, because...
Error smaller than 1 ( 2.6369E-04 ).

Accumulated times:
Rhs time:        0.21 s
Jacobian time:   0.02 s
Solve time:      0.03 s
Total time:      0.26 s

contact        voltage     electron current    hole current  conduction current
 D            1.000E+00       2.785E-18         1.015E-22        2.785E-18
 G           -4.810E-01       0.000E+00         0.000E+00        0.000E+00
 S            0.000E+00      -9.239E-19        -1.907E-32       -9.239E-19
 B            0.000E+00      -1.842E-21        -1.832E-18       -1.833E-18

Computing step from t=9.4939e-03 to t=0.0136023 (Stepsize: 4.1084e-03) :
Computing Coupled( 1 poisson-equation(s) , 1 electron-equation(s) , 
                   1 hole-equation(s) ) 
using Bank/Rose nonlinear solver.

Iteration   |Rhs|      factor     |step|     error   #inner  #iterative  time
------------------------------------------------------------------------------
    0      4.88e-07                                                      0.07
    1      2.14e-01   1.00e+00   1.09e-03   6.57e+00    0         1      0.16
    2      1.60e-08   1.00e+00   3.61e-06   7.89e-04    0         1      0.26
Finished, because...
Error smaller than 1 ( 7.8899E-04 ).

Accumulated times:
Rhs time:        0.20 s
Jacobian time:   0.02 s
Solve time:      0.03 s
Total time:      0.26 s

contact        voltage     electron current    hole current  conduction current
 D            1.000E+00       3.007E-18         1.015E-22        3.007E-18
 G           -4.728E-01       0.000E+00         0.000E+00        0.000E+00
 S            0.000E+00      -1.163E-18        -2.398E-32       -1.163E-18
 B            0.000E+00      -1.844E-21        -1.819E-18       -1.821E-18

Computing step from t=0.0136023 to t=0.0190528 (Stepsize: 5.4505e-03) :
Computing Coupled( 1 poisson-equation(s) , 1 electron-equation(s) , 
                   1 hole-equation(s) ) 
using Bank/Rose nonlinear solver.

Iteration   |Rhs|      factor     |step|     error   #inner  #iterative  time
------------------------------------------------------------------------------
    0      8.58e-07                                                      0.07
    1      6.55e-01   1.00e+00   1.96e-03   1.13e+01    0         1      0.16
    2      3.39e-08   1.00e+00   1.47e-05   2.34e-03    0         1      0.26
Finished, because...
Error smaller than 1 ( 2.3449E-03 ).

Accumulated times:
Rhs time:        0.20 s
Jacobian time:   0.02 s
Solve time:      0.03 s
Total time:      0.26 s

contact        voltage     electron current    hole current  conduction current
 D            1.000E+00       3.453E-18         1.015E-22        3.453E-18
 G           -4.619E-01       0.000E+00         0.000E+00        0.000E+00
 S            0.000E+00      -1.633E-18        -3.262E-32       -1.633E-18
 B            0.000E+00      -1.846E-21        -1.804E-18       -1.806E-18

Computing step from t=0.0190528 to t=0.0262838 (Stepsize: 7.2310e-03) :
Computing Coupled( 1 poisson-equation(s) , 1 electron-equation(s) , 
                   1 hole-equation(s) ) 
using Bank/Rose nonlinear solver.

Iteration   |Rhs|      factor     |step|     error   #inner  #iterative  time
------------------------------------------------------------------------------
    0      1.50e-06                                                      0.06
    1      1.99e+00   1.00e+00   3.71e-03   1.95e+01    0         1      0.16
    2      3.13e-07   1.00e+00   6.09e-05   6.94e-03    0         1      0.25
Finished, because...
Error smaller than 1 ( 6.9379E-03 ).

Accumulated times:
Rhs time:        0.20 s
Jacobian time:   0.01 s
Solve time:      0.04 s
Total time:      0.25 s

contact        voltage     electron current    hole current  conduction current
 D            1.000E+00       4.347E-18         1.015E-22        4.347E-18
 G           -4.474E-01       0.000E+00         0.000E+00        0.000E+00
 S            0.000E+00      -2.547E-18        -4.938E-32       -2.547E-18
 B            0.000E+00      -1.849E-21        -1.786E-18       -1.788E-18

Computing step from t=0.0262838 to t=0.0358769 (Stepsize: 9.5931e-03) :
Computing Coupled( 1 poisson-equation(s) , 1 electron-equation(s) , 
                   1 hole-equation(s) ) 
using Bank/Rose nonlinear solver.

Iteration   |Rhs|      factor     |step|     error   #inner  #iterative  time
------------------------------------------------------------------------------
    0      2.63e-06                                                      0.07
    1      5.98e+00   1.00e+00   7.17e-03   3.34e+01    0         1      0.16
    2      1.11e-05   1.00e+00   1.64e-04   2.07e-02    0         1      0.26
Finished, because...
Error smaller than 1 ( 2.0690E-02 ).

Accumulated times:
Rhs time:        0.20 s
Jacobian time:   0.02 s
Solve time:      0.04 s
Total time:      0.26 s

contact        voltage     electron current    hole current  conduction current
 D            1.000E+00       6.429E-18         1.015E-22        6.429E-18
 G           -4.282E-01       0.000E+00         0.000E+00        0.000E+00
 S            0.000E+00      -4.632E-18        -8.644E-32       -4.632E-18
 B            0.000E+00      -1.854E-21        -1.770E-18       -1.771E-18

Computing step from t=0.0358769 to t=0.0486038 (Stepsize: 0.0127269) :
Computing Coupled( 1 poisson-equation(s) , 1 electron-equation(s) , 
                   1 hole-equation(s) ) 
using Bank/Rose nonlinear solver.

Iteration   |Rhs|      factor     |step|     error   #inner  #iterative  time
------------------------------------------------------------------------------
    0      2.77e-05                                                      0.07
    1      1.76e+01   1.00e+00   1.23e-02   5.72e+01    0         1      0.16
    2      1.12e-04   1.00e+00   1.88e-04   6.26e-02    0         1      0.26
Finished, because...
Error smaller than 1 ( 6.2637E-02 ).

Accumulated times:
Rhs time:        0.20 s
Jacobian time:   0.02 s
Solve time:      0.04 s
Total time:      0.26 s

contact        voltage     electron current    hole current  conduction current
 D            1.000E+00       1.229E-17         1.015E-22        1.229E-17
 G           -4.028E-01       0.000E+00         0.000E+00        0.000E+00
 S            0.000E+00      -1.057E-17        -1.843E-31       -1.057E-17
 B            0.000E+00      -1.859E-21        -1.787E-18       -1.788E-18

Computing step from t=0.0486038 to t=0.0654882 (Stepsize: 0.0168843) :
Computing Coupled( 1 poisson-equation(s) , 1 electron-equation(s) , 
                   1 hole-equation(s) ) 
using Bank/Rose nonlinear solver.

Iteration   |Rhs|      factor     |step|     error   #inner  #iterative  time
------------------------------------------------------------------------------
    0      2.70e-04                                                      0.07
    1      4.97e+01   1.00e+00   1.87e-02   9.91e+01    0         1      0.16
    2      9.47e-04   1.00e+00   1.83e-04   2.03e-01    0         1      0.26
Finished, because...
Error smaller than 1 ( 2.0339E-01 ).

Accumulated times:
Rhs time:        0.21 s
Jacobian time:   0.01 s
Solve time:      0.04 s
Total time:      0.26 s

contact        voltage     electron current    hole current  conduction current
 D            1.000E+00       3.395E-17         1.015E-22        3.395E-17
 G           -3.690E-01       0.000E+00         0.000E+00        0.000E+00
 S            0.000E+00      -3.223E-17        -5.128E-31       -3.223E-17
 B            0.000E+00      -1.866E-21        -2.085E-18       -2.087E-18

Computing step from t=0.0654882 to t=0.087888 (Stepsize: 0.0223999) :
Computing Coupled( 1 poisson-equation(s) , 1 electron-equation(s) , 
                   1 hole-equation(s) ) 
using Bank/Rose nonlinear solver.

Iteration   |Rhs|      factor     |step|     error   #inner  #iterative  time
------------------------------------------------------------------------------
    0      2.31e-03                                                      0.06
    1      1.31e+02   1.00e+00   2.82e-02   1.78e+02    0         1      0.16
    2      7.54e-03   1.00e+00   2.51e-04   7.50e-01    0         1      0.25
Finished, because...
Error smaller than 1 ( 7.4978E-01 ).

Accumulated times:
Rhs time:        0.19 s
Jacobian time:   0.02 s
Solve time:      0.04 s
Total time:      0.25 s

contact        voltage     electron current    hole current  conduction current
 D            1.000E+00       1.489E-16         1.014E-22        1.489E-16
 G           -3.242E-01       0.000E+00         0.000E+00        0.000E+00
 S            0.000E+00      -1.473E-16        -2.041E-30       -1.473E-16
 B            0.000E+00      -1.874E-21        -4.297E-18       -4.299E-18

Computing step from t=0.087888 to t=0.117605 (Stepsize: 0.0297172) :
Computing Coupled( 1 poisson-equation(s) , 1 electron-equation(s) , 
                   1 hole-equation(s) ) 
using Bank/Rose nonlinear solver.

Iteration   |Rhs|      factor     |step|     error   #inner  #iterative  time
------------------------------------------------------------------------------
    0      1.85e-02                                                      0.07
    1      3.84e+02   1.00e+00   2.93e-02   3.59e+02    0         1      0.16
    2      1.51e-01   1.00e+00   4.16e-03   3.93e+00    0         1      0.26
    3      1.45e-07   1.00e+00   6.25e-04   1.35e-02    0         1      0.35
Finished, because...
Error smaller than 1 ( 1.3504E-02 ).

Accumulated times:
Rhs time:        0.28 s
Jacobian time:   0.02 s
Solve time:      0.05 s
Total time:      0.35 s

contact        voltage     electron current    hole current  conduction current
 D            1.000E+00       1.153E-15         1.014E-22        1.153E-15
 G           -2.648E-01       0.000E+00         0.000E+00        0.000E+00
 S            0.000E+00      -1.151E-15        -1.315E-29       -1.151E-15
 B            0.000E+00      -1.885E-21        -1.624E-18       -1.625E-18

Computing step from t=0.117605 to t=0.156337 (Stepsize: 0.0387314) :
Computing Coupled( 1 poisson-equation(s) , 1 electron-equation(s) , 
                   1 hole-equation(s) ) 
using Bank/Rose nonlinear solver.

Iteration   |Rhs|      factor     |step|     error   #inner  #iterative  time
------------------------------------------------------------------------------
    0      1.31e-02                                                      0.07
    1      4.13e+03   1.00e+00   6.47e-02   9.20e+02    0         1      0.16
    2      9.76e+01   1.00e+00   9.95e-03   3.32e+01    0         1      0.26
    3      7.68e-02   1.00e+00   3.11e-04   4.18e+00    0         1      0.36
    4      3.88e-08   1.00e+00   3.96e-07   1.29e-02    0         1      0.46
Finished, because...
Error smaller than 1 ( 1.2850E-02 ).

Accumulated times:
Rhs time:        0.36 s
Jacobian time:   0.03 s
Solve time:      0.07 s
Total time:      0.46 s

contact        voltage     electron current    hole current  conduction current
 D            1.000E+00       1.736E-14         1.014E-22        1.736E-14
 G           -1.873E-01       0.000E+00         0.000E+00        0.000E+00
 S            0.000E+00      -1.736E-14        -1.515E-28       -1.736E-14
 B            0.000E+00      -1.899E-21        -1.583E-18       -1.585E-18

Computing step from t=0.156337 to t=0.205913 (Stepsize: 0.0495762) :
Computing Coupled( 1 poisson-equation(s) , 1 electron-equation(s) , 
                   1 hole-equation(s) ) 
using Bank/Rose nonlinear solver.

Iteration   |Rhs|      factor     |step|     error   #inner  #iterative  time
------------------------------------------------------------------------------
    0      2.46e-02                                                      0.07
    1      5.44e+04   1.00e+00   1.44e-01   2.84e+03    0         1      0.16
    2      8.91e+02   1.00e+00   6.91e-02   1.91e+02    0         1      0.26
    3      2.33e+00   1.00e+00   1.66e-02   8.03e+00    0         1      0.36
    4      1.24e-05   1.00e+00   8.73e-04   1.04e-01    0         1      0.45
Finished, because...
Error smaller than 1 ( 1.0447E-01 ).

Accumulated times:
Rhs time:        0.35 s
Jacobian time:   0.02 s
Solve time:      0.08 s
Total time:      0.45 s

contact        voltage     electron current    hole current  conduction current
 D            1.000E+00       5.715E-13         1.014E-22        5.715E-13
 G           -8.817E-02       0.000E+00         0.000E+00        0.000E+00
 S            0.000E+00      -5.715E-13        -2.325E-27       -5.715E-13
 B            0.000E+00      -1.915E-21        -1.224E-18       -1.226E-18

Computing step from t=0.205913 to t=0.255913 (Stepsize: 0.05) :
Computing Coupled( 1 poisson-equation(s) , 1 electron-equation(s) , 
                   1 hole-equation(s) ) 
using Bank/Rose nonlinear solver.

Iteration   |Rhs|      factor     |step|     error   #inner  #iterative  time
------------------------------------------------------------------------------
    0      8.10e-01                                                      0.07
    1      6.71e+04   1.00e+00   2.55e-01   5.24e+03    0         1      0.16
    2      2.47e+04   1.00e+00   1.02e-01   1.85e+03    0         1      0.25
    3      6.37e+03   1.00e+00   4.42e-02   3.23e+03    0         1      0.35
    4      1.53e+03   1.00e+00   4.07e-02   4.06e+03    0         1      0.45
    5      2.49e+02   1.00e+00   2.90e-01   1.65e+06    0         1      0.55
    6      4.74e+00   1.00e+00   2.77e-01   7.69e+03    0         1      0.66
    7      1.17e+00   1.00e+00   2.90e-01   7.40e+03    0         1      0.75
    8      7.45e-02   1.00e+00   2.51e-01   3.29e+03    0         1      0.85
    9      3.57e-03   1.00e+00   2.60e-02   5.89e+02    0         1      0.95
   10      5.52e-06   1.00e+00   2.03e-03   2.50e+01    0         1      1.04
Finished, because...
|RHS| less than 1.0000E-05.

Accumulated times:
Rhs time:        0.77 s
Jacobian time:   0.08 s
Solve time:      0.19 s
Total time:      1.04 s

contact        voltage     electron current    hole current  conduction current
 D            1.000E+00       1.946E-11         1.013E-22        1.946E-11
 G            1.183E-02       0.000E+00         0.000E+00        0.000E+00
 S            0.000E+00      -1.946E-11        -8.514E-27       -1.946E-11
 B            0.000E+00      -1.932E-21        -6.964E-19       -6.984E-19

Computing step from t=0.255913 to t=0.305913 (Stepsize: 0.05) :
Computing Coupled( 1 poisson-equation(s) , 1 electron-equation(s) , 
                   1 hole-equation(s) ) 
using Bank/Rose nonlinear solver.

Iteration   |Rhs|      factor     |step|     error   #inner  #iterative  time
------------------------------------------------------------------------------
    0      2.48e+01                                                      0.07
    1      9.17e+04   1.00e+00   2.01e-01   4.88e+03    0         1      0.17
    2      2.88e+04   1.00e+00   5.69e-02   1.65e+03    0         1      0.27
    3      7.54e+03   1.00e+00   4.14e-02   3.09e+03    0         1      0.37
    4      2.28e+03   1.00e+00   4.10e-02   3.86e+03    0         1      0.47
    5      1.07e+04   1.00e+00   5.28e-01   1.29e+04    0         1      0.57
    6      2.80e+02   1.00e+00   4.53e-01   5.49e+04    0         1      0.67
    7      2.20e+02   1.00e+00   9.29e-02   3.79e+03    0         1      0.77
    8      9.58e+01   1.00e+00   2.83e-02   1.79e+03    0         1      0.86
    9      1.71e+01   1.00e+00   2.37e-03   2.29e+02    0         1      0.96
   10      2.41e-01   1.00e+00   1.17e-03   9.32e+01    0         1      1.05
   11      4.10e-04   1.00e+00   5.20e-05   4.00e+00    0         1      1.15
   12      1.33e-08   1.00e+00   8.10e-08   6.24e-03    0         1      1.25
Finished, because...
Error smaller than 1 ( 6.2399E-03 ).

Accumulated times:
Rhs time:        0.92 s
Jacobian time:   0.09 s
Solve time:      0.23 s
Total time:      1.25 s

contact        voltage     electron current    hole current  conduction current
 D            1.000E+00       6.533E-10         1.013E-22        6.533E-10
 G            1.118E-01       0.000E+00         0.000E+00        0.000E+00
 S            0.000E+00      -6.533E-10        -6.346E-27       -6.533E-10
 B            0.000E+00      -1.952E-21        -5.318E-19       -5.337E-19

Computing step from t=0.305913 to t=0.355913 (Stepsize: 0.05) :
Computing Coupled( 1 poisson-equation(s) , 1 electron-equation(s) , 
                   1 hole-equation(s) ) 
using Bank/Rose nonlinear solver.

Iteration   |Rhs|      factor     |step|     error   #inner  #iterative  time
------------------------------------------------------------------------------
    0      7.09e+02                                                      0.07
    1      8.31e+04   1.00e+00   8.55e-02   4.30e+03    0         1      0.16
    2      3.85e+04   1.00e+00   1.19e-02   6.19e+02    0         1      0.26
    3      8.49e+03   1.00e+00   6.81e-03   5.39e+02    0         1      0.36
    4      3.65e+02   1.00e+00   1.96e-03   1.57e+02    0         1      0.46
    5      1.32e+00   1.00e+00   5.32e-05   5.21e+00    0         1      0.56
    6      2.19e-04   1.00e+00   1.94e-06   1.59e-01    0         1      0.66
Finished, because...
Error smaller than 1 ( 1.5938E-01 ).

Accumulated times:
Rhs time:        0.48 s
Jacobian time:   0.06 s
Solve time:      0.12 s
Total time:      0.66 s

contact        voltage     electron current    hole current  conduction current
 D            1.000E+00       2.148E-08         1.013E-22        2.148E-08
 G            2.118E-01       0.000E+00         0.000E+00        0.000E+00
 S            0.000E+00      -2.148E-08        -2.897E-27       -2.148E-08
 B            0.000E+00      -1.980E-21        -4.848E-19       -4.868E-19

Computing step from t=0.355913 to t=0.405913 (Stepsize: 0.05) :
Computing Coupled( 1 poisson-equation(s) , 1 electron-equation(s) , 
                   1 hole-equation(s) ) 
using Bank/Rose nonlinear solver.

Iteration   |Rhs|      factor     |step|     error   #inner  #iterative  time
------------------------------------------------------------------------------
    0      1.95e+04                                                      0.07
    1      2.26e+05   1.00e+00   1.65e-01   1.11e+04    0         1      0.17
    2      7.77e+04   1.00e+00   1.72e-02   9.15e+02    0         1      0.27
    3      1.54e+04   1.00e+00   4.04e-03   3.01e+02    0         1      0.36
    4      1.81e+02   1.00e+00   5.45e-04   4.05e+01    0         1      0.47
    5      1.73e-01   1.00e+00   1.91e-05   1.50e+00    0         1      0.56
    6      1.57e-07   1.00e+00   2.24e-08   1.75e-03    0         1      0.66
Finished, because...
Error smaller than 1 ( 1.7548E-03 ).

Accumulated times:
Rhs time:        0.49 s
Jacobian time:   0.03 s
Solve time:      0.11 s
Total time:      0.66 s

contact        voltage     electron current    hole current  conduction current
 D            1.000E+00       4.935E-07         1.019E-22        4.935E-07
 G            3.118E-01       0.000E+00         0.000E+00        0.000E+00
 S            0.000E+00      -4.935E-07        -1.719E-27       -4.935E-07
 B            0.000E+00      -2.090E-21        -4.649E-19       -4.670E-19

Computing step from t=0.405913 to t=0.455913 (Stepsize: 0.05) :
Computing Coupled( 1 poisson-equation(s) , 1 electron-equation(s) , 
                   1 hole-equation(s) ) 
using Bank/Rose nonlinear solver.

Iteration   |Rhs|      factor     |step|     error   #inner  #iterative  time
------------------------------------------------------------------------------
    0      3.04e+05                                                      0.07
    1      1.41e+05   1.00e+00   4.18e-01   7.48e+04    0         1      0.18
    2      2.35e+05   1.00e+00   1.76e-01   6.25e+03    0         1      0.27
    3      1.83e+05   1.00e+00   6.39e-02   3.93e+03    0         1      0.37
    4      2.88e+05   1.00e+00   7.28e-02   7.50e+03    0         1      0.47
    5      2.67e+05   1.00e+00   4.31e-01   2.10e+06    0         1      0.57
    6      9.66e+04   1.00e+00   2.80e-01   6.64e+03    0         1      0.67
    7      1.50e+05   1.00e+00   2.17e-01   7.96e+03    0         1      0.77
    8      1.52e+04   1.00e+00   1.37e-01   1.27e+03    0         1      0.87
    9      2.75e+03   1.00e+00   1.26e-02   5.37e+02    0         1      0.97
   10      1.17e+02   1.00e+00   2.46e-03   1.32e+02    0         1      1.07
   11      1.84e-01   1.00e+00   7.57e-05   4.48e+00    0         1      1.17
   12      5.03e-07   1.00e+00   1.30e-07   7.64e-03    0         1      1.27
Finished, because...
Error smaller than 1 ( 7.6393E-03 ).

Accumulated times:
Rhs time:        0.92 s
Jacobian time:   0.11 s
Solve time:      0.22 s
Total time:      1.27 s

contact        voltage     electron current    hole current  conduction current
 D            1.000E+00       3.038E-06         1.051E-22        3.038E-06
 G            4.118E-01       0.000E+00         0.000E+00        0.000E+00
 S            0.000E+00      -3.038E-06        -4.148E-27       -3.038E-06
 B            0.000E+00      -2.429E-21        -4.718E-19       -4.742E-19

Computing step from t=0.455913 to t=0.505913 (Stepsize: 0.05) :
Computing Coupled( 1 poisson-equation(s) , 1 electron-equation(s) , 
                   1 hole-equation(s) ) 
using Bank/Rose nonlinear solver.

Iteration   |Rhs|      factor     |step|     error   #inner  #iterative  time
------------------------------------------------------------------------------
    0      2.58e+05                                                      0.07
    1      1.71e+05   1.00e+00   3.71e-01   3.69e+04    0         1      0.17
    2      2.71e+05   1.00e+00   1.17e-01   2.27e+03    0         1      0.27
    3      5.02e+04   1.00e+00   3.13e-02   7.16e+02    0         1      0.37
    4      4.00e+03   1.00e+00   7.75e-03   1.84e+02    0         1      0.47
    5      4.85e+01   1.00e+00   5.62e-04   1.76e+01    0         1      0.57
    6      6.13e-03   1.00e+00   3.63e-06   1.20e-01    0         1      0.67
Finished, because...
Error smaller than 1 ( 1.1961E-01 ).

Accumulated times:
Rhs time:        0.49 s
Jacobian time:   0.06 s
Solve time:      0.12 s
Total time:      0.67 s

contact        voltage     electron current    hole current  conduction current
 D            1.000E+00       7.270E-06         1.113E-22        7.270E-06
 G            5.118E-01       0.000E+00         0.000E+00        0.000E+00
 S            0.000E+00      -7.270E-06        -1.201E-26       -7.270E-06
 B            0.000E+00      -2.756E-21        -4.848E-19       -4.875E-19

Computing step from t=0.505913 to t=0.555913 (Stepsize: 0.05) :
Computing Coupled( 1 poisson-equation(s) , 1 electron-equation(s) , 
                   1 hole-equation(s) ) 
using Bank/Rose nonlinear solver.

Iteration   |Rhs|      factor     |step|     error   #inner  #iterative  time
------------------------------------------------------------------------------
    0      1.03e+05                                                      0.06
    1      8.40e+04   1.00e+00   2.56e-01   1.30e+04    0         1      0.16
    2      1.20e+04   1.00e+00   5.78e-02   6.35e+02    0         1      0.26
    3      2.37e+02   1.00e+00   9.59e-03   7.19e+01    0         1      0.36
    4      9.79e-02   1.00e+00   6.06e-04   5.41e-01    0         1      0.46
Finished, because...
Error smaller than 1 ( 5.4071E-01 ).

Accumulated times:
Rhs time:        0.34 s
Jacobian time:   0.04 s
Solve time:      0.07 s
Total time:      0.46 s

contact        voltage     electron current    hole current  conduction current
 D            1.000E+00       1.190E-05         1.193E-22        1.190E-05
 G            6.118E-01       0.000E+00         0.000E+00        0.000E+00
 S            0.000E+00      -1.190E-05        -3.325E-26       -1.190E-05
 B            0.000E+00      -2.957E-21        -3.542E-20       -3.838E-20

Computing step from t=0.555913 to t=0.605913 (Stepsize: 0.05) :
Computing Coupled( 1 poisson-equation(s) , 1 electron-equation(s) , 
                   1 hole-equation(s) ) 
using Bank/Rose nonlinear solver.

Iteration   |Rhs|      factor     |step|     error   #inner  #iterative  time
------------------------------------------------------------------------------
    0      5.46e+04                                                      0.07
    1      2.43e+04   1.00e+00   2.00e-01   6.81e+03    0         1      0.17
    2      5.44e+02   1.00e+00   4.01e-02   4.01e+02    0         1      0.27
    3      4.00e-01   1.00e+00   7.44e-03   5.38e+00    0         1      0.36
    4      2.23e-07   1.00e+00   1.79e-04   1.66e-03    0         1      0.46
Finished, because...
Error smaller than 1 ( 1.6562E-03 ).

Accumulated times:
Rhs time:        0.35 s
Jacobian time:   0.03 s
Solve time:      0.07 s
Total time:      0.46 s

contact        voltage     electron current    hole current  conduction current
 D            1.000E+00       1.630E-05         1.278E-22        1.630E-05
 G            7.118E-01       0.000E+00         0.000E+00        0.000E+00
 S            0.000E+00      -1.630E-05        -8.020E-26       -1.630E-05
 B            0.000E+00      -3.080E-21        -5.654E-19       -5.685E-19

Computing step from t=0.605913 to t=0.655913 (Stepsize: 0.05) :
Computing Coupled( 1 poisson-equation(s) , 1 electron-equation(s) , 
                   1 hole-equation(s) ) 
using Bank/Rose nonlinear solver.

Iteration   |Rhs|      factor     |step|     error   #inner  #iterative  time
------------------------------------------------------------------------------
    0      3.66e+04                                                      0.07
    1      9.89e+03   1.00e+00   1.52e-01   3.99e+03    0         1      0.17
    2      1.10e+02   1.00e+00   2.03e-02   1.87e+02    0         1      0.27
    3      2.42e-02   1.00e+00   7.73e-04   1.50e+00    0         1      0.37
    4      2.80e-08   1.00e+00   1.50e-06   9.06e-05    0         1      0.46
Finished, because...
Error smaller than 1 ( 9.0550E-05 ).

Accumulated times:
Rhs time:        0.34 s
Jacobian time:   0.04 s
Solve time:      0.07 s
Total time:      0.46 s

contact        voltage     electron current    hole current  conduction current
 D            1.000E+00       2.018E-05         1.358E-22        2.018E-05
 G            8.118E-01       0.000E+00         0.000E+00        0.000E+00
 S            0.000E+00      -2.018E-05        -1.423E-25       -2.018E-05
 B            0.000E+00      -3.165E-21        -6.211E-19       -6.243E-19

Computing step from t=0.655913 to t=0.705913 (Stepsize: 0.05) :
Computing Coupled( 1 poisson-equation(s) , 1 electron-equation(s) , 
                   1 hole-equation(s) ) 
using Bank/Rose nonlinear solver.

Iteration   |Rhs|      factor     |step|     error   #inner  #iterative  time
------------------------------------------------------------------------------
    0      1.20e+05                                                      0.08
    1      1.65e+04   1.00e+00   1.46e-01   2.40e+03    0         1      0.17
    2      1.13e+02   1.00e+00   1.62e-02   1.87e+02    0         1      0.27
    3      6.29e-03   1.00e+00   1.88e-04   1.42e+00    0         1      0.37
    4      2.66e-08   1.00e+00   5.27e-08   1.27e-04    0         1      0.47
Finished, because...
Error smaller than 1 ( 1.2708E-04 ).

Accumulated times:
Rhs time:        0.35 s
Jacobian time:   0.03 s
Solve time:      0.08 s
Total time:      0.48 s

contact        voltage     electron current    hole current  conduction current
 D            1.000E+00       2.347E-05         1.426E-22        2.347E-05
 G            9.118E-01       0.000E+00         0.000E+00        0.000E+00
 S            0.000E+00      -2.347E-05        -1.845E-25       -2.347E-05
 B            0.000E+00      -3.230E-21        -6.897E-19       -6.929E-19

Computing step from t=0.705913 to t=0.755913 (Stepsize: 0.05) :
Computing Coupled( 1 poisson-equation(s) , 1 electron-equation(s) , 
                   1 hole-equation(s) ) 
using Bank/Rose nonlinear solver.

Iteration   |Rhs|      factor     |step|     error   #inner  #iterative  time
------------------------------------------------------------------------------
    0      2.58e+05                                                      0.07
    1      5.31e+04   1.00e+00   1.31e-01   1.53e+03    0         1      0.17
    2      1.34e+03   1.00e+00   2.23e-02   2.97e+02    0         1      0.27
    3      2.52e+00   1.00e+00   8.41e-04   1.10e+01    0         1      0.37
    4      7.60e-06   1.00e+00   1.59e-06   1.58e-02    0         1      0.47
Finished, because...
Error smaller than 1 ( 1.5828E-02 ).

Accumulated times:
Rhs time:        0.36 s
Jacobian time:   0.04 s
Solve time:      0.07 s
Total time:      0.47 s

contact        voltage     electron current    hole current  conduction current
 D            1.000E+00       2.615E-05         1.484E-22        2.615E-05
 G            1.012E+00       0.000E+00         0.000E+00        0.000E+00
 S            0.000E+00      -2.615E-05        -1.697E-25       -2.615E-05
 B            0.000E+00      -3.281E-21        -7.620E-19       -7.653E-19

Computing step from t=0.755913 to t=0.805913 (Stepsize: 0.05) :
Computing Coupled( 1 poisson-equation(s) , 1 electron-equation(s) , 
                   1 hole-equation(s) ) 
using Bank/Rose nonlinear solver.

Iteration   |Rhs|      factor     |step|     error   #inner  #iterative  time
------------------------------------------------------------------------------
    0      2.34e+05                                                      0.08
    1      3.68e+04   1.00e+00   7.35e-01   2.07e+03    0         1      0.17
    2      1.27e+04   1.00e+00   4.37e-01   3.26e+02    0         1      0.27
    3      5.80e+02   1.00e+00   7.26e-02   2.52e+02    0         1      0.37
    4      2.28e-01   1.00e+00   3.08e-03   9.37e+00    0         1      0.47
    5      6.47e-08   1.00e+00   1.33e-04   6.18e-03    0         1      0.57
Finished, because...
Error smaller than 1 ( 6.1767E-03 ).

Accumulated times:
Rhs time:        0.43 s
Jacobian time:   0.04 s
Solve time:      0.09 s
Total time:      0.57 s

contact        voltage     electron current    hole current  conduction current
 D            1.000E+00       2.818E-05         1.529E-22        2.818E-05
 G            1.112E+00       0.000E+00         0.000E+00        0.000E+00
 S            0.000E+00      -2.818E-05        -5.939E-26       -2.818E-05
 B            0.000E+00      -3.319E-21        -8.155E-19       -8.188E-19

Computing step from t=0.805913 to t=0.855913 (Stepsize: 0.05) :
Computing Coupled( 1 poisson-equation(s) , 1 electron-equation(s) , 
                   1 hole-equation(s) ) 
using Bank/Rose nonlinear solver.

Iteration   |Rhs|      factor     |step|     error   #inner  #iterative  time
------------------------------------------------------------------------------
    0      1.69e+06                                                      0.07
    1      4.81e+06   1.00e+00   1.03e+00   3.10e+04    0         1      0.17
    2      2.12e+06   1.00e+00   6.38e-01   1.52e+06    0         1      0.27
    3      6.39e+05   1.00e+00   9.61e-01   6.02e+03    0         1      0.37
    4      3.51e+05   1.00e+00   2.88e-01   5.37e+03    0         1      0.47
    5      3.85e+05   1.00e+00   3.50e-01   2.64e+04    0         1      0.57
    6      1.90e+06   1.00e+00   8.84e-01   7.14e+03    0         1      0.66
    7      3.84e+05   1.00e+00   7.41e-01   8.14e+04    0         1      0.76
    8      2.86e+06   1.00e+00   6.51e-01   2.71e+05    0         1      0.86
    9      6.47e+05   1.00e+00   2.93e-01   4.95e+03    0         1      0.96
   10      5.45e+05   1.00e+00   2.85e-01   3.15e+03    0         1      1.06
   11      1.21e+06   1.00e+00   8.71e-01   1.55e+04    0         1      1.16
   12      1.21e+05   1.00e+00   5.53e-01   3.18e+03    0         1      1.26
   13      3.12e+04   1.00e+00   1.70e-01   7.70e+02    0         1      1.36
   14      2.68e+03   1.00e+00   9.30e-03   1.87e+02    0         1      1.46
   15      1.73e+01   1.00e+00   8.10e-04   1.07e+01    0         1      1.56
   16      6.92e-04   1.00e+00   3.93e-06   4.71e-02    0         1      1.66
Finished, because...
Error smaller than 1 ( 4.7075E-02 ).

Accumulated times:
Rhs time:        1.19 s
Jacobian time:   0.16 s
Solve time:      0.30 s
Total time:      1.66 s

contact        voltage     electron current    hole current  conduction current
 D            1.000E+00       2.918E-05         1.552E-22        2.918E-05
 G            1.212E+00       0.000E+00         0.000E+00        0.000E+00
 S            0.000E+00      -2.918E-05        -2.535E-26       -2.918E-05
 B            0.000E+00      -3.340E-21        -8.183E-19       -8.216E-19

Computing step from t=0.855913 to t=0.905913 (Stepsize: 0.05) :
Computing Coupled( 1 poisson-equation(s) , 1 electron-equation(s) , 
                   1 hole-equation(s) ) 
using Bank/Rose nonlinear solver.

Iteration   |Rhs|      factor     |step|     error   #inner  #iterative  time
------------------------------------------------------------------------------
    0      1.95e+06                                                      0.07
    1      9.99e+05   1.00e+00   5.12e-01   1.27e+04    0         1      0.16
    2      4.43e+05   1.00e+00   2.24e-01   2.40e+03    0         1      0.26
    3      1.05e+06   1.00e+00   3.06e-01   3.70e+03    0         1      0.36
    4      3.00e+05   1.00e+00   1.81e-01   1.23e+03    0         1      0.46
    5      1.99e+04   1.00e+00   1.20e-02   2.53e+02    0         1      0.56
    6      4.76e+02   1.00e+00   2.92e-03   4.24e+01    0         1      0.65
    7      2.43e-01   1.00e+00   3.96e-04   7.55e-01    0         1      0.76
Finished, because...
Error smaller than 1 ( 7.5482E-01 ).

Accumulated times:
Rhs time:        0.55 s
Jacobian time:   0.07 s
Solve time:      0.13 s
Total time:      0.76 s

contact        voltage     electron current    hole current  conduction current
 D            1.000E+00       2.958E-05         1.562E-22        2.958E-05
 G            1.312E+00       0.000E+00         0.000E+00        0.000E+00
 S            0.000E+00      -2.958E-05        -2.078E-26       -2.958E-05
 B            0.000E+00      -3.352E-21        -4.341E-19       -4.375E-19

Computing step from t=0.905913 to t=0.955913 (Stepsize: 0.05) :
Computing Coupled( 1 poisson-equation(s) , 1 electron-equation(s) , 
                   1 hole-equation(s) ) 
using Bank/Rose nonlinear solver.

Iteration   |Rhs|      factor     |step|     error   #inner  #iterative  time
------------------------------------------------------------------------------
    0      3.54e+05                                                      0.07
    1      1.14e+05   1.00e+00   7.21e-02   1.30e+03    0         1      0.17
    2      1.43e+04   1.00e+00   4.05e-02   2.53e+02    0         1      0.27
    3      1.58e+02   1.00e+00   9.41e-03   1.82e+01    0         1      0.37
    4      1.63e-02   1.00e+00   4.08e-04   1.23e-01    0         1      0.46
Finished, because...
Error smaller than 1 ( 1.2336E-01 ).

Accumulated times:
Rhs time:        0.35 s
Jacobian time:   0.03 s
Solve time:      0.07 s
Total time:      0.47 s

contact        voltage     electron current    hole current  conduction current
 D            1.000E+00       2.982E-05         1.567E-22        2.982E-05
 G            1.412E+00       0.000E+00         0.000E+00        0.000E+00
 S            0.000E+00      -2.982E-05        -1.923E-26       -2.982E-05
 B            0.000E+00      -3.361E-21        -7.728E-19       -7.762E-19

Computing step from t=0.955913 to t=1 (Stepsize: 0.0440873) :
Computing Coupled( 1 poisson-equation(s) , 1 electron-equation(s) , 
                   1 hole-equation(s) ) 
using Bank/Rose nonlinear solver.

Iteration   |Rhs|      factor     |step|     error   #inner  #iterative  time
------------------------------------------------------------------------------
    0      9.63e+04                                                      0.06
    1      1.35e+04   1.00e+00   1.08e-01   6.50e+02    0         1      0.16
    2      4.93e+03   1.00e+00   1.04e-01   1.76e+01    0         1      0.26
    3      1.97e+01   1.00e+00   9.82e-03   1.34e+01    0         1      0.36
    4      2.40e-04   1.00e+00   4.83e-04   2.86e-02    0         1      0.47
Finished, because...
Error smaller than 1 ( 2.8613E-02 ).

Accumulated times:
Rhs time:        0.35 s
Jacobian time:   0.04 s
Solve time:      0.08 s
Total time:      0.47 s

contact        voltage     electron current    hole current  conduction current
 D            1.000E+00       2.998E-05         1.570E-22        2.998E-05
 G            1.500E+00       0.000E+00         0.000E+00        0.000E+00
 S            0.000E+00      -2.998E-05        -1.853E-26       -2.998E-05
 B            0.000E+00      -3.368E-21        -7.691E-19       -7.725E-19


Finished, because of...
Curve trace finished.

Writing plot 'n3_des.tdr' (TDR format) ... done.

Thu Nov 28 03:57:18 2019: checked in 1 sdevice-3d license(s)
Thu Nov 28 03:57:18 2019: checked in 1 Dessis-3D license(s)
Thu Nov 28 03:57:18 2019: checked in 1 sparallel license(s)
Thu Nov 28 03:57:18 2019: checked in 1 sdevice-parallel license(s)
Thu Nov 28 03:57:18 2019: checked in 1 Dessis-Parallel license(s)
Thu Nov 28 03:57:18 2019: checked in 1 sdevice license(s)
Thu Nov 28 03:57:18 2019: checked in 1 Dessis license(s)

******************************************************************************
Sentaurus Device process size: 633 megabytes
Sentaurus Device simulation times:
  wallclock: 14.88 s
  total cpu: 25.73 s
Sentaurus Device simulation finished (Date: Thu Nov 28 03:57:18 2019  (EDT)).
********************************* Good Bye ! *********************************
