Evaluating file n1_dvs.cmd
---> (define nm 0.001)
nm
---> (define Fw 5)
Fw
---> (define Fh 5)
Fh
---> (define Lg 15)
Lg
---> (define LSDC 15)
LSDC
---> (define LSD 15)
LSD
---> (define Tox 0.5)
Tox
---> (define x1 LSDC)
x1
---> (define x2 (+ x1 LSD))
x2
---> (define x3 (+ x2 Lg))
x3
---> (define x4 (+ x3 LSD))
x4
---> (define x5 (+ x4 LSDC))
x5
---> (define y1 Fw)
y1
---> (define y2 (+ y1 Tox))
y2
---> (define y3 (+ y2 10))
y3
---> (define z1 Fh)
z1
---> (define z2 (+ z1 Tox))
z2
---> (define C_Doping 1e+17)
C_Doping
---> (define SD_Doping 8e+19)
SD_Doping
---> (define SDC_Doping 8e+19)
SDC_Doping
---> (define B_Doping 5e+18)
B_Doping
---> 110
110
---> 3
3
---> 3D


SCHEME COMMAND 24 
*** Error
sde:eval: unbound variable: 3D


#f
"************************************************************************"
"Sentaurus Structure Editor "
"Start Time:    Tue Nov 26 13:13:01 2019"
"End   Time:    Tue Nov 26 13:13:01 2019"
"Total Execution Time (sec):    0"
"Total System calls Time (sec): 0"
"************************************************************************"
